dianqiyuzidonghuagongcheng_ASi
dianqiyuzidonghuagongcheng_ApM
dianqiyuzidonghuagongcheng_Avm
dianqiyuzidonghuagongcheng_BQn
dianqiyuzidonghuagongcheng_BRi
dianqiyuzidonghuagongcheng_BVc
dianqiyuzidonghuagongcheng_BXQ
dianqiyuzidonghuagongcheng_Bqs
dianqiyuzidonghuagongcheng_Cly
dianqiyuzidonghuagongcheng_CpU
dianqiyuzidonghuagongcheng_DHX
dianqiyuzidonghuagongcheng_DWF
dianqiyuzidonghuagongcheng_Dnz
dianqiyuzidonghuagongcheng_Dug
dianqiyuzidonghuagongcheng_Dwb
dianqiyuzidonghuagongcheng_DxK
dianqiyuzidonghuagongcheng_EFr
dianqiyuzidonghuagongcheng_FLk
dianqiyuzidonghuagongcheng_Fcw
dianqiyuzidonghuagongcheng_Flo
dianqiyuzidonghuagongcheng_Fvj
dianqiyuzidonghuagongcheng_GIK
dianqiyuzidonghuagongcheng_GdU
dianqiyuzidonghuagongcheng_GkT
dianqiyuzidonghuagongcheng_GwP
dianqiyuzidonghuagongcheng_HLt
dianqiyuzidonghuagongcheng_HPA
dianqiyuzidonghuagongcheng_HgO
dianqiyuzidonghuagongcheng_HwE
dianqiyuzidonghuagongcheng_IQt
dianqiyuzidonghuagongcheng_Ieq
dianqiyuzidonghuagongcheng_JgO
dianqiyuzidonghuagongcheng_Jtc
dianqiyuzidonghuagongcheng_KAv
dianqiyuzidonghuagongcheng_KGt
dianqiyuzidonghuagongcheng_KtF
dianqiyuzidonghuagongcheng_LEU
dianqiyuzidonghuagongcheng_Lky
dianqiyuzidonghuagongcheng_Lyq
dianqiyuzidonghuagongcheng_MVt
dianqiyuzidonghuagongcheng_Mim
dianqiyuzidonghuagongcheng_Mlw
dianqiyuzidonghuagongcheng_MuK
dianqiyuzidonghuagongcheng_NwX
dianqiyuzidonghuagongcheng_OGS
dianqiyuzidonghuagongcheng_OIB
dianqiyuzidonghuagongcheng_OPa
dianqiyuzidonghuagongcheng_Oiv
dianqiyuzidonghuagongcheng_Onr
dianqiyuzidonghuagongcheng_OwH
dianqiyuzidonghuagongcheng_Pfp
dianqiyuzidonghuagongcheng_PiZ
dianqiyuzidonghuagongcheng_QPs
dianqiyuzidonghuagongcheng_QXF
dianqiyuzidonghuagongcheng_Qax
dianqiyuzidonghuagongcheng_Qbc
dianqiyuzidonghuagongcheng_RTb
dianqiyuzidonghuagongcheng_RZn
dianqiyuzidonghuagongcheng_Rwa
dianqiyuzidonghuagongcheng_SCm
dianqiyuzidonghuagongcheng_ScT
dianqiyuzidonghuagongcheng_Sil
dianqiyuzidonghuagongcheng_TKu
dianqiyuzidonghuagongcheng_TUL
dianqiyuzidonghuagongcheng_TVx
dianqiyuzidonghuagongcheng_TZo
dianqiyuzidonghuagongcheng_TaC
dianqiyuzidonghuagongcheng_Tlw
dianqiyuzidonghuagongcheng_TsL
dianqiyuzidonghuagongcheng_WpR
dianqiyuzidonghuagongcheng_WqR
dianqiyuzidonghuagongcheng_WsE
dianqiyuzidonghuagongcheng_WyP
dianqiyuzidonghuagongcheng_XHI
dianqiyuzidonghuagongcheng_XSn
dianqiyuzidonghuagongcheng_XYu
dianqiyuzidonghuagongcheng_XdS
dianqiyuzidonghuagongcheng_Xsp
dianqiyuzidonghuagongcheng_YAe
dianqiyuzidonghuagongcheng_YOw
dianqiyuzidonghuagongcheng_YPQ
dianqiyuzidonghuagongcheng_YQG
dianqiyuzidonghuagongcheng_ZmG
dianqiyuzidonghuagongcheng_ZwK
dianqiyuzidonghuagongcheng_aMR
dianqiyuzidonghuagongcheng_aUj
dianqiyuzidonghuagongcheng_aYX
dianqiyuzidonghuagongcheng_ahG
dianqiyuzidonghuagongcheng_auM
dianqiyuzidonghuagongcheng_avw
dianqiyuzidonghuagongcheng_bJi
dianqiyuzidonghuagongcheng_bKY
dianqiyuzidonghuagongcheng_bML
dianqiyuzidonghuagongcheng_bVx
dianqiyuzidonghuagongcheng_bYg
dianqiyuzidonghuagongcheng_bcC
dianqiyuzidonghuagongcheng_bmY
dianqiyuzidonghuagongcheng_btS
dianqiyuzidonghuagongcheng_cHt
dianqiyuzidonghuagongcheng_cfv
dianqiyuzidonghuagongcheng_cvx
dianqiyuzidonghuagongcheng_dBF
dianqiyuzidonghuagongcheng_dRq
dianqiyuzidonghuagongcheng_dSE
dianqiyuzidonghuagongcheng_dcD
dianqiyuzidonghuagongcheng_deg
dianqiyuzidonghuagongcheng_eDE
dianqiyuzidonghuagongcheng_ePK
dianqiyuzidonghuagongcheng_egR
dianqiyuzidonghuagongcheng_eki
dianqiyuzidonghuagongcheng_fRb
dianqiyuzidonghuagongcheng_fui
dianqiyuzidonghuagongcheng_gES
dianqiyuzidonghuagongcheng_gRL
dianqiyuzidonghuagongcheng_gaP
dianqiyuzidonghuagongcheng_ghL
dianqiyuzidonghuagongcheng_gpX
dianqiyuzidonghuagongcheng_hKl
dianqiyuzidonghuagongcheng_hMF
dianqiyuzidonghuagongcheng_hPL
dianqiyuzidonghuagongcheng_iCh
dianqiyuzidonghuagongcheng_iIY
dianqiyuzidonghuagongcheng_ihZ
dianqiyuzidonghuagongcheng_jsp
dianqiyuzidonghuagongcheng_kgo
dianqiyuzidonghuagongcheng_kiW
dianqiyuzidonghuagongcheng_lST
dianqiyuzidonghuagongcheng_laq
dianqiyuzidonghuagongcheng_lgb
dianqiyuzidonghuagongcheng_lpj
dianqiyuzidonghuagongcheng_mSX
dianqiyuzidonghuagongcheng_mWV
dianqiyuzidonghuagongcheng_mjJ
dianqiyuzidonghuagongcheng_nBK
dianqiyuzidonghuagongcheng_nJT
dianqiyuzidonghuagongcheng_nTs
dianqiyuzidonghuagongcheng_ntR
dianqiyuzidonghuagongcheng_oJa
dianqiyuzidonghuagongcheng_oRB
dianqiyuzidonghuagongcheng_oXU
dianqiyuzidonghuagongcheng_pQM
dianqiyuzidonghuagongcheng_pQr
dianqiyuzidonghuagongcheng_pwX
dianqiyuzidonghuagongcheng_qHT
dianqiyuzidonghuagongcheng_qVG
dianqiyuzidonghuagongcheng_qYu
dianqiyuzidonghuagongcheng_qnr
dianqiyuzidonghuagongcheng_qtA
dianqiyuzidonghuagongcheng_rXL
dianqiyuzidonghuagongcheng_rdH
dianqiyuzidonghuagongcheng_sFc
dianqiyuzidonghuagongcheng_sPn
dianqiyuzidonghuagongcheng_sho
dianqiyuzidonghuagongcheng_smr
dianqiyuzidonghuagongcheng_soA
dianqiyuzidonghuagongcheng_tOV
dianqiyuzidonghuagongcheng_tTE
dianqiyuzidonghuagongcheng_tlk
dianqiyuzidonghuagongcheng_tpZ
dianqiyuzidonghuagongcheng_tpq
dianqiyuzidonghuagongcheng_tsN
dianqiyuzidonghuagongcheng_uMj
dianqiyuzidonghuagongcheng_ugX
dianqiyuzidonghuagongcheng_ujK
dianqiyuzidonghuagongcheng_uzr
dianqiyuzidonghuagongcheng_vGN
dianqiyuzidonghuagongcheng_vIC
dianqiyuzidonghuagongcheng_vKf
dianqiyuzidonghuagongcheng_wrL
dianqiyuzidonghuagongcheng_xEN
dianqiyuzidonghuagongcheng_xJF
dianqiyuzidonghuagongcheng_xaH
dianqiyuzidonghuagongcheng_xdA
dianqiyuzidonghuagongcheng_xiD
dianqiyuzidonghuagongcheng_xqV
dianqiyuzidonghuagongcheng_xrq
dianqiyuzidonghuagongcheng_xzv
dianqiyuzidonghuagongcheng_yVB
dianqiyuzidonghuagongcheng_zAb
dianqiyuzidonghuagongcheng_zBZ
dianqiyuzidonghuagongcheng_zdg
dianzixinxijishu_ASY
dianzixinxijishu_AWI
dianzixinxijishu_AcR
dianzixinxijishu_Aoc
dianzixinxijishu_BFN
dianzixinxijishu_BSX
dianzixinxijishu_Bbe
dianzixinxijishu_Bjw
dianzixinxijishu_CrO
dianzixinxijishu_DHq
dianzixinxijishu_DWc
dianzixinxijishu_ELM
dianzixinxijishu_ETz
dianzixinxijishu_EWL
dianzixinxijishu_Ebk
dianzixinxijishu_EkB
dianzixinxijishu_FIe
dianzixinxijishu_FKD
dianzixinxijishu_Faw
dianzixinxijishu_Ffg
dianzixinxijishu_FmR
dianzixinxijishu_FqP
dianzixinxijishu_HEt
dianzixinxijishu_HGc
dianzixinxijishu_Hmk
dianzixinxijishu_HsP
dianzixinxijishu_IDi
dianzixinxijishu_Ivu
dianzixinxijishu_JQG
dianzixinxijishu_JcK
dianzixinxijishu_JqS
dianzixinxijishu_KDm
dianzixinxijishu_KPV
dianzixinxijishu_KTe
dianzixinxijishu_KaP
dianzixinxijishu_Kpf
dianzixinxijishu_LOQ
dianzixinxijishu_LUO
dianzixinxijishu_LWU
dianzixinxijishu_LXQ
dianzixinxijishu_LbO
dianzixinxijishu_LeN
dianzixinxijishu_Liw
dianzixinxijishu_MSC
dianzixinxijishu_Mcs
dianzixinxijishu_MuB
dianzixinxijishu_Mus
dianzixinxijishu_Myn
dianzixinxijishu_NJI
dianzixinxijishu_NKz
dianzixinxijishu_Nlt
dianzixinxijishu_Nxv
dianzixinxijishu_OUz
dianzixinxijishu_OVi
dianzixinxijishu_OfS
dianzixinxijishu_OwU
dianzixinxijishu_PCG
dianzixinxijishu_PUA
dianzixinxijishu_Pzt
dianzixinxijishu_QCp
dianzixinxijishu_QXr
dianzixinxijishu_QjR
dianzixinxijishu_QuL
dianzixinxijishu_QwN
dianzixinxijishu_RAa
dianzixinxijishu_RHx
dianzixinxijishu_RWt
dianzixinxijishu_RdJ
dianzixinxijishu_RnD
dianzixinxijishu_SEK
dianzixinxijishu_Smk
dianzixinxijishu_StI
dianzixinxijishu_TAZ
dianzixinxijishu_TDe
dianzixinxijishu_TGO
dianzixinxijishu_TeI
dianzixinxijishu_ThQ
dianzixinxijishu_UTg
dianzixinxijishu_UaN
dianzixinxijishu_UoW
dianzixinxijishu_VKX
dianzixinxijishu_VYz
dianzixinxijishu_Vmh
dianzixinxijishu_WJk
dianzixinxijishu_WxA
dianzixinxijishu_XEc
dianzixinxijishu_XNE
dianzixinxijishu_XYw
dianzixinxijishu_XdL
dianzixinxijishu_XgC
dianzixinxijishu_YCZ
dianzixinxijishu_YKW
dianzixinxijishu_YMl
dianzixinxijishu_YjN
dianzixinxijishu_Ziw
dianzixinxijishu_Zlb
dianzixinxijishu_aGP
dianzixinxijishu_aGl
dianzixinxijishu_aJl
dianzixinxijishu_acU
dianzixinxijishu_akf
dianzixinxijishu_axs
dianzixinxijishu_bQZ
dianzixinxijishu_bUw
dianzixinxijishu_bWq
dianzixinxijishu_baC
dianzixinxijishu_bpn
dianzixinxijishu_bsy
dianzixinxijishu_cBk
dianzixinxijishu_cMF
dianzixinxijishu_dMb
dianzixinxijishu_deL
dianzixinxijishu_eBo
dianzixinxijishu_eDs
dianzixinxijishu_eWK
dianzixinxijishu_ecB
dianzixinxijishu_efI
dianzixinxijishu_ehX
dianzixinxijishu_fyu
dianzixinxijishu_gXI
dianzixinxijishu_ghJ
dianzixinxijishu_gxb
dianzixinxijishu_hSc
dianzixinxijishu_hnk
dianzixinxijishu_iJp
dianzixinxijishu_iYI
dianzixinxijishu_iYw
dianzixinxijishu_ivt
dianzixinxijishu_iwh
dianzixinxijishu_jRx
dianzixinxijishu_jxK
dianzixinxijishu_jzC
dianzixinxijishu_kHe
dianzixinxijishu_kQm
dianzixinxijishu_ksA
dianzixinxijishu_kyB
dianzixinxijishu_lIA
dianzixinxijishu_lVM
dianzixinxijishu_lgm
dianzixinxijishu_lsw
dianzixinxijishu_mXO
dianzixinxijishu_mrS
dianzixinxijishu_mtG
dianzixinxijishu_nHc
dianzixinxijishu_nMl
dianzixinxijishu_oMD
dianzixinxijishu_ocB
dianzixinxijishu_ofE
dianzixinxijishu_oig
dianzixinxijishu_okm
dianzixinxijishu_onP
dianzixinxijishu_pAQ
dianzixinxijishu_pFL
dianzixinxijishu_pHG
dianzixinxijishu_pNe
dianzixinxijishu_pVr
dianzixinxijishu_pWA
dianzixinxijishu_pcV
dianzixinxijishu_pjv
dianzixinxijishu_pnf
dianzixinxijishu_pwF
dianzixinxijishu_qBS
dianzixinxijishu_qNQ
dianzixinxijishu_qXc
dianzixinxijishu_rki
dianzixinxijishu_rnD
dianzixinxijishu_rqz
dianzixinxijishu_tUi
dianzixinxijishu_tXx
dianzixinxijishu_uOx
dianzixinxijishu_umT
dianzixinxijishu_uwt
dianzixinxijishu_vVc
dianzixinxijishu_vWJ
dianzixinxijishu_vlu
dianzixinxijishu_wPT
dianzixinxijishu_weF
dianzixinxijishu_wkm
dianzixinxijishu_wux
dianzixinxijishu_xXu
dianzixinxijishu_xbv
dianzixinxijishu_xgL
dianzixinxijishu_xjE
dianzixinxijishu_xjN
dianzixinxijishu_yfv
dianzixinxijishu_zdO
jisuanjikexueyujishu_AVz
jisuanjikexueyujishu_Aeh
jisuanjikexueyujishu_AvP
jisuanjikexueyujishu_AzO
jisuanjikexueyujishu_BnV
jisuanjikexueyujishu_BrJ
jisuanjikexueyujishu_CRf
jisuanjikexueyujishu_CSh
jisuanjikexueyujishu_Chd
jisuanjikexueyujishu_DHZ
jisuanjikexueyujishu_DRQ
jisuanjikexueyujishu_DgF
jisuanjikexueyujishu_DkG
jisuanjikexueyujishu_Dwk
jisuanjikexueyujishu_EAk
jisuanjikexueyujishu_ENc
jisuanjikexueyujishu_EWU
jisuanjikexueyujishu_Eea
jisuanjikexueyujishu_EzH
jisuanjikexueyujishu_FHs
jisuanjikexueyujishu_FQg
jisuanjikexueyujishu_FQs
jisuanjikexueyujishu_FWd
jisuanjikexueyujishu_FmI
jisuanjikexueyujishu_FrE
jisuanjikexueyujishu_Ftr
jisuanjikexueyujishu_GBz
jisuanjikexueyujishu_GRr
jisuanjikexueyujishu_GcY
jisuanjikexueyujishu_Gtf
jisuanjikexueyujishu_GxR
jisuanjikexueyujishu_HkN
jisuanjikexueyujishu_Hpr
jisuanjikexueyujishu_Hvp
jisuanjikexueyujishu_Hvr
jisuanjikexueyujishu_IBV
jisuanjikexueyujishu_IBs
jisuanjikexueyujishu_IQL
jisuanjikexueyujishu_Ijg
jisuanjikexueyujishu_IrX
jisuanjikexueyujishu_JLD
jisuanjikexueyujishu_JQm
jisuanjikexueyujishu_JVW
jisuanjikexueyujishu_JWB
jisuanjikexueyujishu_Jqu
jisuanjikexueyujishu_KDb
jisuanjikexueyujishu_KZg
jisuanjikexueyujishu_KfJ
jisuanjikexueyujishu_KtJ
jisuanjikexueyujishu_Lrn
jisuanjikexueyujishu_Ltq
jisuanjikexueyujishu_MIZ
jisuanjikexueyujishu_MSw
jisuanjikexueyujishu_MfI
jisuanjikexueyujishu_Mqu
jisuanjikexueyujishu_NJA
jisuanjikexueyujishu_NSC
jisuanjikexueyujishu_NZt
jisuanjikexueyujishu_Ncp
jisuanjikexueyujishu_Nlu
jisuanjikexueyujishu_NqV
jisuanjikexueyujishu_OEK
jisuanjikexueyujishu_OEX
jisuanjikexueyujishu_OJX
jisuanjikexueyujishu_OQi
jisuanjikexueyujishu_ORW
jisuanjikexueyujishu_Ocg
jisuanjikexueyujishu_PKF
jisuanjikexueyujishu_PLh
jisuanjikexueyujishu_PML
jisuanjikexueyujishu_PNx
jisuanjikexueyujishu_PfG
jisuanjikexueyujishu_QBN
jisuanjikexueyujishu_QNM
jisuanjikexueyujishu_QXv
jisuanjikexueyujishu_QbO
jisuanjikexueyujishu_REf
jisuanjikexueyujishu_Rxl
jisuanjikexueyujishu_SAQ
jisuanjikexueyujishu_SHk
jisuanjikexueyujishu_SKM
jisuanjikexueyujishu_SbB
jisuanjikexueyujishu_SrE
jisuanjikexueyujishu_TUd
jisuanjikexueyujishu_Tlg
jisuanjikexueyujishu_UEH
jisuanjikexueyujishu_UWE
jisuanjikexueyujishu_UcL
jisuanjikexueyujishu_VMZ
jisuanjikexueyujishu_Vbp
jisuanjikexueyujishu_Vft
jisuanjikexueyujishu_Viz
jisuanjikexueyujishu_VmJ
jisuanjikexueyujishu_VsS
jisuanjikexueyujishu_Vvr
jisuanjikexueyujishu_XdN
jisuanjikexueyujishu_Xlk
jisuanjikexueyujishu_Xty
jisuanjikexueyujishu_XxA
jisuanjikexueyujishu_YFZ
jisuanjikexueyujishu_YKk
jisuanjikexueyujishu_Yem
jisuanjikexueyujishu_ZME
jisuanjikexueyujishu_ZTM
jisuanjikexueyujishu_ZeN
jisuanjikexueyujishu_ZgI
jisuanjikexueyujishu_ZjW
jisuanjikexueyujishu_Zyb
jisuanjikexueyujishu_aHi
jisuanjikexueyujishu_aHv
jisuanjikexueyujishu_act
jisuanjikexueyujishu_ajI
jisuanjikexueyujishu_awh
jisuanjikexueyujishu_bCR
jisuanjikexueyujishu_bCt
jisuanjikexueyujishu_bNG
jisuanjikexueyujishu_bTF
jisuanjikexueyujishu_biZ
jisuanjikexueyujishu_byw
jisuanjikexueyujishu_cfG
jisuanjikexueyujishu_cwH
jisuanjikexueyujishu_dJq
jisuanjikexueyujishu_dMV
jisuanjikexueyujishu_dMr
jisuanjikexueyujishu_dWU
jisuanjikexueyujishu_dZj
jisuanjikexueyujishu_daW
jisuanjikexueyujishu_dac
jisuanjikexueyujishu_dgU
jisuanjikexueyujishu_duH
jisuanjikexueyujishu_eCp
jisuanjikexueyujishu_eLr
jisuanjikexueyujishu_ePl
jisuanjikexueyujishu_eTD
jisuanjikexueyujishu_eiQ
jisuanjikexueyujishu_evc
jisuanjikexueyujishu_ezq
jisuanjikexueyujishu_fIO
jisuanjikexueyujishu_fMX
jisuanjikexueyujishu_flE
jisuanjikexueyujishu_fmK
jisuanjikexueyujishu_gGO
jisuanjikexueyujishu_gUx
jisuanjikexueyujishu_hME
jisuanjikexueyujishu_hPF
jisuanjikexueyujishu_hix
jisuanjikexueyujishu_hmS
jisuanjikexueyujishu_hmW
jisuanjikexueyujishu_hrI
jisuanjikexueyujishu_iIV
jisuanjikexueyujishu_iIt
jisuanjikexueyujishu_iYe
jisuanjikexueyujishu_iql
jisuanjikexueyujishu_jHL
jisuanjikexueyujishu_jYH
jisuanjikexueyujishu_jqB
jisuanjikexueyujishu_kZu
jisuanjikexueyujishu_lEV
jisuanjikexueyujishu_lhP
jisuanjikexueyujishu_ljt
jisuanjikexueyujishu_lsp
jisuanjikexueyujishu_mVy
jisuanjikexueyujishu_mdO
jisuanjikexueyujishu_moW
jisuanjikexueyujishu_nIf
jisuanjikexueyujishu_nSR
jisuanjikexueyujishu_nWP
jisuanjikexueyujishu_neH
jisuanjikexueyujishu_now
jisuanjikexueyujishu_nqc
jisuanjikexueyujishu_nqg
jisuanjikexueyujishu_oaQ
jisuanjikexueyujishu_oju
jisuanjikexueyujishu_opY
jisuanjikexueyujishu_ops
jisuanjikexueyujishu_ovj
jisuanjikexueyujishu_pFV
jisuanjikexueyujishu_pNe
jisuanjikexueyujishu_pZA
jisuanjikexueyujishu_qDs
jisuanjikexueyujishu_qIi
jisuanjikexueyujishu_qJk
jisuanjikexueyujishu_qiB
jisuanjikexueyujishu_qsz
jisuanjikexueyujishu_rZe
jisuanjikexueyujishu_rhl
jisuanjikexueyujishu_rkL
jisuanjikexueyujishu_sez
jisuanjikexueyujishu_sjH
jisuanjikexueyujishu_tAp
jisuanjikexueyujishu_tBU
jisuanjikexueyujishu_tGO
jisuanjikexueyujishu_tJL
jisuanjikexueyujishu_tMs
jisuanjikexueyujishu_tSK
jisuanjikexueyujishu_tTD
jisuanjikexueyujishu_tXz
jisuanjikexueyujishu_tbw
jisuanjikexueyujishu_uHd
jisuanjikexueyujishu_uZL
jisuanjikexueyujishu_udn
jisuanjikexueyujishu_ujO
jisuanjikexueyujishu_ukg
jisuanjikexueyujishu_uqV
jisuanjikexueyujishu_vDN
jisuanjikexueyujishu_vGB
jisuanjikexueyujishu_vMr
jisuanjikexueyujishu_vPB
jisuanjikexueyujishu_vWm
jisuanjikexueyujishu_vcb
jisuanjikexueyujishu_vri
jisuanjikexueyujishu_wFo
jisuanjikexueyujishu_wOQ
jisuanjikexueyujishu_wVZ
jisuanjikexueyujishu_wrI
jisuanjikexueyujishu_xIl
jisuanjikexueyujishu_xMh
jisuanjikexueyujishu_yBz
jisuanjikexueyujishu_yDn
jisuanjikexueyujishu_ybM
jisuanjikexueyujishu_ytS
jisuanjikexueyujishu_yvI
jisuanjikexueyujishu_zBR
jisuanjikexueyujishu_zZf
jisuanjikexueyujishu_zgt
ruanjiangongcheng_Acb
ruanjiangongcheng_Aue
ruanjiangongcheng_AvK
ruanjiangongcheng_BAm
ruanjiangongcheng_BaK
ruanjiangongcheng_CMR
ruanjiangongcheng_DJs
ruanjiangongcheng_DQE
ruanjiangongcheng_DVX
ruanjiangongcheng_DqV
ruanjiangongcheng_EFH
ruanjiangongcheng_EFo
ruanjiangongcheng_EWl
ruanjiangongcheng_EaC
ruanjiangongcheng_Eah
ruanjiangongcheng_EeJ
ruanjiangongcheng_ExB
ruanjiangongcheng_ExV
ruanjiangongcheng_FDE
ruanjiangongcheng_Fnx
ruanjiangongcheng_GJA
ruanjiangongcheng_GkR
ruanjiangongcheng_GpZ
ruanjiangongcheng_GqU
ruanjiangongcheng_GzH
ruanjiangongcheng_HCW
ruanjiangongcheng_HEt
ruanjiangongcheng_HMJ
ruanjiangongcheng_HVJ
ruanjiangongcheng_Hkb
ruanjiangongcheng_IDb
ruanjiangongcheng_IKi
ruanjiangongcheng_IMr
ruanjiangongcheng_IYz
ruanjiangongcheng_IfZ
ruanjiangongcheng_Iqc
ruanjiangongcheng_Ith
ruanjiangongcheng_JMs
ruanjiangongcheng_JXV
ruanjiangongcheng_Jsp
ruanjiangongcheng_KZW
ruanjiangongcheng_Khe
ruanjiangongcheng_KkU
ruanjiangongcheng_LJZ
ruanjiangongcheng_LRd
ruanjiangongcheng_Lcz
ruanjiangongcheng_LgX
ruanjiangongcheng_LsB
ruanjiangongcheng_MHb
ruanjiangongcheng_MUN
ruanjiangongcheng_MeE
ruanjiangongcheng_Mvf
ruanjiangongcheng_NDk
ruanjiangongcheng_NRl
ruanjiangongcheng_NcK
ruanjiangongcheng_Nmr
ruanjiangongcheng_OAj
ruanjiangongcheng_OCX
ruanjiangongcheng_OGJ
ruanjiangongcheng_OHX
ruanjiangongcheng_Obm
ruanjiangongcheng_OlA
ruanjiangongcheng_Ovy
ruanjiangongcheng_PNc
ruanjiangongcheng_PQb
ruanjiangongcheng_PjA
ruanjiangongcheng_PkF
ruanjiangongcheng_PsC
ruanjiangongcheng_PwD
ruanjiangongcheng_QZU
ruanjiangongcheng_Qwp
ruanjiangongcheng_RKM
ruanjiangongcheng_RKl
ruanjiangongcheng_RPl
ruanjiangongcheng_RQb
ruanjiangongcheng_RqW
ruanjiangongcheng_Rsn
ruanjiangongcheng_SND
ruanjiangongcheng_SNx
ruanjiangongcheng_Skz
ruanjiangongcheng_TOi
ruanjiangongcheng_TdY
ruanjiangongcheng_UDt
ruanjiangongcheng_URS
ruanjiangongcheng_VHt
ruanjiangongcheng_VWu
ruanjiangongcheng_VYN
ruanjiangongcheng_VqQ
ruanjiangongcheng_WOz
ruanjiangongcheng_WPG
ruanjiangongcheng_WQY
ruanjiangongcheng_Wtq
ruanjiangongcheng_XCk
ruanjiangongcheng_XZL
ruanjiangongcheng_Xce
ruanjiangongcheng_Xnl
ruanjiangongcheng_XtB
ruanjiangongcheng_Xxq
ruanjiangongcheng_YDi
ruanjiangongcheng_YND
ruanjiangongcheng_ZQF
ruanjiangongcheng_ZSb
ruanjiangongcheng_ZUd
ruanjiangongcheng_ZWt
ruanjiangongcheng_Zei
ruanjiangongcheng_Zjr
ruanjiangongcheng_ZkK
ruanjiangongcheng_ZtH
ruanjiangongcheng_aAl
ruanjiangongcheng_aFT
ruanjiangongcheng_aST
ruanjiangongcheng_afG
ruanjiangongcheng_awc
ruanjiangongcheng_cDo
ruanjiangongcheng_cHi
ruanjiangongcheng_cVg
ruanjiangongcheng_cWL
ruanjiangongcheng_cWb
ruanjiangongcheng_caG
ruanjiangongcheng_chs
ruanjiangongcheng_czg
ruanjiangongcheng_dtN
ruanjiangongcheng_eIn
ruanjiangongcheng_eRk
ruanjiangongcheng_eoD
ruanjiangongcheng_erv
ruanjiangongcheng_evi
ruanjiangongcheng_fCd
ruanjiangongcheng_fEa
ruanjiangongcheng_fzT
ruanjiangongcheng_gAq
ruanjiangongcheng_gFA
ruanjiangongcheng_gVk
ruanjiangongcheng_gco
ruanjiangongcheng_hDq
ruanjiangongcheng_hLb
ruanjiangongcheng_heO
ruanjiangongcheng_hiT
ruanjiangongcheng_hws
ruanjiangongcheng_iHy
ruanjiangongcheng_ikH
ruanjiangongcheng_ioj
ruanjiangongcheng_irV
ruanjiangongcheng_izY
ruanjiangongcheng_jBQ
ruanjiangongcheng_jGf
ruanjiangongcheng_jQJ
ruanjiangongcheng_jZE
ruanjiangongcheng_jvy
ruanjiangongcheng_jxg
ruanjiangongcheng_kLt
ruanjiangongcheng_kTr
ruanjiangongcheng_keJ
ruanjiangongcheng_kiT
ruanjiangongcheng_klD
ruanjiangongcheng_ksw
ruanjiangongcheng_lBQ
ruanjiangongcheng_lIg
ruanjiangongcheng_lPn
ruanjiangongcheng_lgw
ruanjiangongcheng_lwt
ruanjiangongcheng_mLC
ruanjiangongcheng_mRY
ruanjiangongcheng_nDC
ruanjiangongcheng_nDr
ruanjiangongcheng_nIH
ruanjiangongcheng_nOC
ruanjiangongcheng_nkM
ruanjiangongcheng_oCT
ruanjiangongcheng_oNX
ruanjiangongcheng_oNi
ruanjiangongcheng_oXQ
ruanjiangongcheng_okE
ruanjiangongcheng_osB
ruanjiangongcheng_pQP
ruanjiangongcheng_peQ
ruanjiangongcheng_qKm
ruanjiangongcheng_qPS
ruanjiangongcheng_qPT
ruanjiangongcheng_qfB
ruanjiangongcheng_qpi
ruanjiangongcheng_qvk
ruanjiangongcheng_rZP
ruanjiangongcheng_rlz
ruanjiangongcheng_rvp
ruanjiangongcheng_sDW
ruanjiangongcheng_sPy
ruanjiangongcheng_smP
ruanjiangongcheng_smb
ruanjiangongcheng_tHe
ruanjiangongcheng_tJr
ruanjiangongcheng_tQA
ruanjiangongcheng_twM
ruanjiangongcheng_uAk
ruanjiangongcheng_uCJ
ruanjiangongcheng_udA
ruanjiangongcheng_ulZ
ruanjiangongcheng_uqw
ruanjiangongcheng_vHr
ruanjiangongcheng_vwV
ruanjiangongcheng_vzE
ruanjiangongcheng_wMq
ruanjiangongcheng_whc
ruanjiangongcheng_xIL
ruanjiangongcheng_xOH
ruanjiangongcheng_xvQ
ruanjiangongcheng_yDc
ruanjiangongcheng_yRW
ruanjiangongcheng_zBd
ruanjiangongcheng_zRj
ruanjiangongcheng_znU
wulianwanggongcheng_AUm
wulianwanggongcheng_Acm
wulianwanggongcheng_Agh
wulianwanggongcheng_AlO
wulianwanggongcheng_AnC
wulianwanggongcheng_BHZ
wulianwanggongcheng_CEk
wulianwanggongcheng_CIA
wulianwanggongcheng_COD
wulianwanggongcheng_Ctl
wulianwanggongcheng_DQi
wulianwanggongcheng_DWR
wulianwanggongcheng_Dze
wulianwanggongcheng_EHR
wulianwanggongcheng_Eqf
wulianwanggongcheng_FQH
wulianwanggongcheng_FXS
wulianwanggongcheng_FYJ
wulianwanggongcheng_FkJ
wulianwanggongcheng_GBZ
wulianwanggongcheng_GJk
wulianwanggongcheng_GKW
wulianwanggongcheng_GUO
wulianwanggongcheng_GWD
wulianwanggongcheng_GpM
wulianwanggongcheng_GxK
wulianwanggongcheng_HmJ
wulianwanggongcheng_HxO
wulianwanggongcheng_IdR
wulianwanggongcheng_IiQ
wulianwanggongcheng_IzR
wulianwanggongcheng_JTa
wulianwanggongcheng_JVY
wulianwanggongcheng_JzF
wulianwanggongcheng_KGE
wulianwanggongcheng_LCv
wulianwanggongcheng_LWG
wulianwanggongcheng_LaQ
wulianwanggongcheng_MqS
wulianwanggongcheng_NEk
wulianwanggongcheng_NqS
wulianwanggongcheng_NrX
wulianwanggongcheng_Nyn
wulianwanggongcheng_Nyu
wulianwanggongcheng_ONx
wulianwanggongcheng_Oke
wulianwanggongcheng_PRB
wulianwanggongcheng_PaU
wulianwanggongcheng_PsZ
wulianwanggongcheng_Pvp
wulianwanggongcheng_QOB
wulianwanggongcheng_QRx
wulianwanggongcheng_Qha
wulianwanggongcheng_Qwp
wulianwanggongcheng_RCE
wulianwanggongcheng_RXq
wulianwanggongcheng_Ran
wulianwanggongcheng_Rgu
wulianwanggongcheng_RrH
wulianwanggongcheng_TxH
wulianwanggongcheng_UEC
wulianwanggongcheng_UJe
wulianwanggongcheng_ULu
wulianwanggongcheng_UNB
wulianwanggongcheng_UPm
wulianwanggongcheng_UWv
wulianwanggongcheng_UdN
wulianwanggongcheng_UhP
wulianwanggongcheng_VQv
wulianwanggongcheng_VYs
wulianwanggongcheng_Vgk
wulianwanggongcheng_VyF
wulianwanggongcheng_WAf
wulianwanggongcheng_WBe
wulianwanggongcheng_WPk
wulianwanggongcheng_WYN
wulianwanggongcheng_WlL
wulianwanggongcheng_WsN
wulianwanggongcheng_Wup
wulianwanggongcheng_Wut
wulianwanggongcheng_XSj
wulianwanggongcheng_XSz
wulianwanggongcheng_XWh
wulianwanggongcheng_Xho
wulianwanggongcheng_YRJ
wulianwanggongcheng_YTa
wulianwanggongcheng_Zfc
wulianwanggongcheng_Zfv
wulianwanggongcheng_Zyd
wulianwanggongcheng_aCy
wulianwanggongcheng_aFB
wulianwanggongcheng_aKJ
wulianwanggongcheng_aNu
wulianwanggongcheng_aNx
wulianwanggongcheng_aVt
wulianwanggongcheng_bDQ
wulianwanggongcheng_bfY
wulianwanggongcheng_brA
wulianwanggongcheng_cTL
wulianwanggongcheng_dDe
wulianwanggongcheng_dIq
wulianwanggongcheng_dMa
wulianwanggongcheng_dTk
wulianwanggongcheng_eGr
wulianwanggongcheng_eKd
wulianwanggongcheng_emk
wulianwanggongcheng_fGL
wulianwanggongcheng_fIl
wulianwanggongcheng_fOb
wulianwanggongcheng_fXY
wulianwanggongcheng_fqw
wulianwanggongcheng_fsU
wulianwanggongcheng_fxM
wulianwanggongcheng_gPh
wulianwanggongcheng_gTI
wulianwanggongcheng_hCP
wulianwanggongcheng_hDb
wulianwanggongcheng_hFE
wulianwanggongcheng_hUA
wulianwanggongcheng_hgu
wulianwanggongcheng_hqC
wulianwanggongcheng_hqf
wulianwanggongcheng_iHk
wulianwanggongcheng_iIE
wulianwanggongcheng_iJe
wulianwanggongcheng_iMG
wulianwanggongcheng_iwS
wulianwanggongcheng_jVu
wulianwanggongcheng_jWb
wulianwanggongcheng_jpt
wulianwanggongcheng_kDK
wulianwanggongcheng_kHC
wulianwanggongcheng_kVu
wulianwanggongcheng_kly
wulianwanggongcheng_lIF
wulianwanggongcheng_lai
wulianwanggongcheng_lrB
wulianwanggongcheng_mDJ
wulianwanggongcheng_mKo
wulianwanggongcheng_mNA
wulianwanggongcheng_mXB
wulianwanggongcheng_meo
wulianwanggongcheng_mhx
wulianwanggongcheng_mwG
wulianwanggongcheng_nDX
wulianwanggongcheng_nJz
wulianwanggongcheng_nMg
wulianwanggongcheng_nSW
wulianwanggongcheng_nsY
wulianwanggongcheng_oPK
wulianwanggongcheng_oWz
wulianwanggongcheng_odM
wulianwanggongcheng_oht
wulianwanggongcheng_oiq
wulianwanggongcheng_owL
wulianwanggongcheng_pCz
wulianwanggongcheng_pEN
wulianwanggongcheng_pkS
wulianwanggongcheng_qXi
wulianwanggongcheng_qhE
wulianwanggongcheng_qmo
wulianwanggongcheng_qpK
wulianwanggongcheng_rAt
wulianwanggongcheng_rtf
wulianwanggongcheng_rwv
wulianwanggongcheng_tHG
wulianwanggongcheng_tXM
wulianwanggongcheng_tuD
wulianwanggongcheng_uDx
wulianwanggongcheng_uFg
wulianwanggongcheng_ubW
wulianwanggongcheng_ulq
wulianwanggongcheng_uoM
wulianwanggongcheng_usv
wulianwanggongcheng_vCz
wulianwanggongcheng_vPl
wulianwanggongcheng_vRu
wulianwanggongcheng_vcX
wulianwanggongcheng_vtq
wulianwanggongcheng_wRZ
wulianwanggongcheng_wZd
wulianwanggongcheng_wef
wulianwanggongcheng_whY
wulianwanggongcheng_wjE
wulianwanggongcheng_wne
wulianwanggongcheng_xYq
wulianwanggongcheng_xZJ
wulianwanggongcheng_xhu
wulianwanggongcheng_xtD
wulianwanggongcheng_xtG
wulianwanggongcheng_yBq
wulianwanggongcheng_yIj
wulianwanggongcheng_yKf
wulianwanggongcheng_yfq
wulianwanggongcheng_yoc
wulianwanggongcheng_zYl
wulianwanggongcheng_zaA
