20123 o 29
20111 soy 16
20085 zEAOFcsyd 16
20078 mnadoJV 20
20058 ZcqbQPDvl 21
19997 GZDmjRoMU 22
19995 BcVdfLE 17
19992 XpRrVG 17
19955 alCL 27
19934 qVebPpINDk 15
19925 IquXKTC 22
19922 oMFh 26
19921 UiMcvnTBV 23
19919 KQbWJsCtyU 24
19917 Iug 18
19910 JsHv 16
19907 EZ 29
19891 rvMa 30
19889 lHRC 25
19887 xAMb 21
19879 OMVIjxJf 29
19876 sVhZfv 26
19870 eXDEzkJZrN 19
19847 qlyJVQ 18
19826 qjQUK 16
19822 FBIvz 23
19821 E 17
19819 jKvisnQdP 26
19818 mxjhbnswe 21
19815 NtMKuDBVho 17
19812 THRpEI 20
19811 lP 19
19810 mrxuP 21
19808 rZFefMv 29
19805 KIGhODmxgb 17
19796 cVehExZ 21
19795 PoUzwYN 19
19788 mQoTt 24
19786 PxDtNFrLwd 24
19784 ykSiFg 22
19783 Mr 15
19783 bkcYwHdKPz 17
19781 FSvDKl 19
19776 Uqpu 24
19775 xbnK 20
19774 MIZehqTEis 16
19773 fhgDECzY 17
19770 zH 30
19769 qnkHLr 22
19755 Mj 29
19755 orWsKVFbnM 23
19752 kY 16
19749 RApngmTsPV 16
19745 lct 17
19744 MvQB 22
19740 CK 15
19737 YDeuhqNm 15
19733 fj 20
19725 nL 25
19721 SdksKPo 26
19716 EdNecR 19
19715 hOoIrGcM 20
19713 AzK 29
19707 ldLzHEjYQB 20
19690 cXfJpuwFs 27
19688 AM 30
19685 zYJLlq 24
19684 XEBG 28
19681 tsJPa 19
19679 gBxCR 17
19673 vESRIaQ 21
19668 R 20
19659 qQSKiIkRL 23
19655 KVgrn 29
19647 AKcy 19
19647 ALFNKkQJ 28
19647 Vdqwc 26
19646 ULB 30
19643 jVDuphMO 30
19642 JlI 30
19635 vkXQdAh 19
19615 T 16
19614 AEZL 17
19609 uz 18
19605 IQswYHpmj 17
19600 OG 27
19597 Mrx 18
19581 NVLxe 29
19553 qmXU 15
19526 cglU 15
19511 Zyv 21
19504 l 23
19498 jWHwRmCh 19
19392 yJGjphgCQM 16
