1973 gIiqWHZDk 17
1962 q 16
1958 iJYlf 19
1954 QkVFUP 24
1952 kiFlPGn 22
1952 wyCdZMb 22
1950 rHEQ 16
1945 UucAa 27
1942 BZpqvtlK 29
1942 FVXR 26
1941 IpARYa 19
1941 fcJYOH 23
1936 eROsHN 26
1936 xj 22
1935 PrLOSkBe 28
1935 aW 19
1935 vmuV 30
1933 TNBd 24
1931 EOmcQMtoy 18
1930 HJup 23
1926 SjMdKNXUbA 27
1926 TpVqiFY 23
1926 jtkTbuP 18
1925 WFAgJlax 26
1925 ajK 18
1925 ctqEya 21
1925 ynAJCo 22
1924 W 17
1924 kgMLh 19
1923 AWEB 15
1923 DyAEHQks 30
1923 FksBbPZEGl 18
1923 PAQF 30
1923 mofVy 23
1923 muTdacbne 27
1923 pbAXmQJR 16
1922 dESMw 26
1921 RBogyqHO 23
1921 iyo 19
1920 DB 25
1918 Pv 25
1917 epfIij 19
1916 GBOLMY 23
1916 Vcdjk 22
1915 fHMLI 25
1915 pjrDguHsfv 25
1913 lkKTLnqwi 30
1913 mkzZgIj 21
1912 QkJXwLU 27
1912 VWFwx 27
1912 gQVMjvs 18
1911 GnN 22
1911 iQ 22
1911 oSHMLA 19
1910 USqmTs 26
1910 holwWBrAMu 20
1909 fXBVcbosYO 30
1908 dJfU 25
1907 UyeXJvd 30
1906 kAqQrH 26
1906 pPIdM 16
1906 qK 19
1906 scBDCTFyp 30
1905 P 27
1905 WjeMtGNJA 21
1905 cEamkTnXh 27
1904 BxdXlp 30
1904 ESmUWF 28
1904 awJBed 24
1904 nyP 21
1903 XGFeOCMHz 22
1903 iFtMnBQu 18
1903 tlkraxELHb 15
1902 GeWrsUocY 19
1901 IyOqrU 27
1901 VaO 17
1901 eM 16
1901 lkxUmGf 29
1901 zBM 30
1900 GgrFmtKLeM 24
1900 IgrJ 28
1900 zeyhk 25
1899 AsyC 18
1899 bPHfFDdtQ 27
1899 iYUlsGcAw 15
1899 nkxEyJi 29
1898 b 29
1898 qILdKig 23
1897 JK 17
1897 QKayPrZtS 15
1896 IvCuUo 30
1895 FujnDbVpw 29
1895 PxGdBg 30
1895 YGEnsqS 26
1895 gLcRtf 18
1895 iglWoYc 22
1894 AaVPBvY 30
1894 EbNGOdxs 15
1894 JwxmWiK 26
1894 PZwQDq 15
1894 TboAevGZSg 21
1894 Wnaoc 26
1894 bXNB 25
1894 bmHvTF 28
1894 kFMs 19
1894 r 17
1894 wdtlhxGSV 21
1894 xCmJOsv 26
1894 yXMuw 16
1893 IhLk 15
1893 Koa 19
1893 NcYjTB 21
1893 UikubJT 22
1893 WLKDndj 30
1893 WiOpXNCVZ 27
1893 XkzH 28
1893 lJujHwp 30
1893 maqHbY 29
1893 oWaJwX 20
1893 qp 29
1892 ZoPYmsdabq 22
1892 txvOaouhMC 17
1892 wQvZrC 30
1891 AUniB 28
1891 RLmHytxZ 28
1891 UCiFtX 21
1891 uRohwaT 17
1891 wfEnse 26
1890 ObvowWHdqs 16
1890 oA 25
1889 JlBKmRdE 23
1889 McUPWJKA 22
1889 VmMeZsLiQ 27
1889 ZgVJ 20
1889 nbUJ 17
1888 gZq 26
1888 tnG 16
1887 WOrtv 30
1887 kIZjyHhFp 24
1887 pPITKdes 30
1886 ansg 15
1886 kvmfNPSE 23
1885 Ks 19
1885 Kt 19
1885 NPdR 23
1885 tew 20
1884 SdfjiaVyZ 24
1884 VaY 16
1884 drTFxaMKR 29
1884 pg 26
1884 zB 29
1883 eXyvkjBdNH 24
1882 IqkwiOg 30
1882 OBD 21
1882 my 28
1882 oxzrcjAVTJ 25
1882 tbIygv 27
1881 K 19
1881 RsgvFLte 16
1881 boqfWEIB 19
1881 fZgbGiqjh 23
1880 BCnzGSFLmU 19
1880 PoyGY 24
1880 eEIJDj 16
1880 gMfuCBNtjO 15
1880 gVxjzwbtIm 20
1880 t 20
1880 zWmxDGonw 19
1879 PHO 15
1879 SvF 15
1879 mzoVdy 24
1879 nCYShUgVvo 28
1879 rjEoqMtL 21
1878 MqU 21
1878 RPUCbJTqDt 16
1878 WSpxw 16
1878 id 30
1878 l 30
1877 LEBlaw 19
1877 Tfv 28
1877 ctDLmjGd 18
1877 ey 28
1877 uvkTMyjdpF 21
1876 C 17
1876 LlHrm 25
1876 NJLboCR 21
1876 dQuIMeP 16
1876 pjxhcNryw 28
1875 V 25
1875 bO 20
1874 CYIupdlnkj 24
1874 IjYT 26
1874 NeSCrQ 19
1874 SPn 28
1874 abzsw 21
1874 bAMKI 19
1874 brKo 22
1874 irQgxmjc 28
1874 jqydgZt 19
1874 tA 28
1874 vC 20
1874 ykoNu 27
1873 H 22
1873 HdQcELRshn 30
1873 KAVakWUR 19
1873 amUR 16
1873 bBeqsFkoKx 21
1873 rL 16
1873 rahdQwk 25
1873 vYcSJtl 21
1872 EdhoaNZ 30
1872 Lay 17
1872 RsVCTiXge 19
1872 h 29
1872 yvz 19
1871 HlqrKc 18
1871 SnetmlHWf 29
1871 UKX 17
1871 W 29
1871 divN 30
1871 g 20
1871 iUy 27
1871 knEmcxB 29
1871 ucl 25
1870 EDlUiA 17
1870 I 18
1870 bJWpj 18
1870 fmiuRJ 27
1870 gMbKudDXiQ 15
1870 jchmS 19
1869 BQ 16
1869 GNLCMxge 17
1869 GRl 17
1869 GWcHbsN 26
1869 eDCQtBaZzf 24
1869 sAopR 15
1867 CZwQmnM 22
1867 DKLIyEmkpJ 30
1867 FXaZKCSJo 16
1867 KGSOvcsjIL 24
1867 qXQISzgRp 26
1866 H 16
1866 saeCu 22
1866 tYXU 27
1865 ECVaD 28
1865 EzDkJs 29
1865 epwUtGambK 22
1865 oKqi 20
1864 G 24
1864 I 23
1864 IRldy 23
1864 s 28
1863 CP 21
1863 XeKFs 30
1862 GTYEOiK 21
1862 SmEDxXu 22
1862 VrPWDAYpM 25
1862 gTxYoyOc 23
1862 jguIa 28
1862 lrXxK 26
1862 s 25
1862 yZaVnjLDKk 18
1861 DowMWHLFgB 26
1861 KbvHINGR 17
1861 Ro 23
1861 ZJCNAiLz 24
1861 ZecUtr 30
1861 hptn 27
1861 kb 25
1861 nVjgA 30
1861 okdZERwF 16
1861 otqIQBmN 23
1861 t 28
1861 zGMuQxyWYX 24
1860 AFdGlbZtNB 22
1860 BYJOjGMVoN 21
1860 LedjXH 21
1860 OHFyGMBwDP 18
1860 UuvPlC 30
1860 WtpXnNkdYC 19
1860 YMeZUluRCO 26
1860 jHk 23
1860 l 25
1860 tL 28
1859 JLBRCr 29
1859 Qh 16
1859 Rmlwp 26
1859 UlJWjDE 16
1859 ZpbGMWq 20
1859 bhOJCSW 20
1859 l 15
1859 oGzEkOw 15
1859 tJzOrERq 15
1858 ALYVEBfQ 26
1858 QX 20
1858 QnOHvygzrt 16
1858 mnQJhzroiC 29
1858 rZDOa 28
1857 BqQdWaYiv 21
1857 JjL 30
1857 MpY 16
1857 PCfiYduKXT 19
1857 luncA 20
1857 s 25
1857 ymvYWZL 27
1855 CIwcXL 15
1855 QpnDfAYalI 15
1855 QrlDmpefWi 24
1855 Tl 30
1855 a 22
1855 cwFmlN 30
1855 wzWCQB 23
1854 BMOiXkqUD 30
1854 BoMcRlCr 25
1854 JolGdvr 25
1854 XIjWGpTDM 15
1854 ahOkSKnud 29
1854 cydSXo 22
1854 e 28
1854 ePfJjlIwFT 19
1854 xeObuRfZjY 27
1853 BmPUbtK 19
1853 J 24
1853 LRvuzMPY 28
1853 Q 24
1853 RTsB 15
1853 TBhS 19
1853 axeNGKqz 16
1852 C 25
1852 Ck 29
1852 DrvtnYq 26
1852 RcAmKwaW 21
1852 UAeWSbirO 15
1852 ZOnKpBtvk 21
1851 KBT 20
1851 QodyZWcr 26
1851 RvFro 25
1851 S 23
1851 hYkmgMLSiT 21
1851 i 21
1851 nxmRKlieS 22
1850 DrZ 26
1850 fVZxMN 19
1850 sHcNwzRpVG 22
1850 zsGJZYtfy 19
1849 As 26
1849 BuCRwJWi 21
1849 GwK 22
1849 LpSjzHJ 15
1849 QFx 27
1849 QwTFldnoLs 24
1849 daVLbvl 25
1849 deW 19
1849 jMV 17
1849 jlLakNxKU 15
1849 nJYBOfkhA 25
1849 nkJKNtOvj 20
1849 sLMUNEz 25
1848 AKmb 29
1848 EJrpkhmL 16
1848 dBxOYyiuXc 26
1848 zk 27
1847 AG 29
1847 BPxTIYMZ 30
1847 sgAj 23
1847 xVnzmb 21
1846 FuKRnYiSdQ 27
1846 hBlX 24
1846 hpKifl 17
1846 xidaIYA 29
1845 ACpNiqbY 28
1845 HC 15
1845 HbPK 16
1845 WtEicGHdJ 30
1845 XkwFbsapGh 20
1845 ndAbov 28
1844 WYZEJ 22
1844 gzJPUBZv 17
1844 m 23
1844 mnv 17
1843 KrvqIQx 29
1843 MXwdEWGsm 15
1843 Py 20
1843 XMdPxLiZUI 21
1843 gPzqXQM 20
1843 zLJrGHD 23
1843 zml 20
1842 BOCxyq 16
1842 COrAbB 30
1842 HhFg 24
1842 PEIAOGt 23
1842 bthOyVxv 23
1842 kGswiPeC 30
1842 nqZPF 17
1842 wHFqjLEXQc 15
1841 AxsaOK 26
1841 KMSaHD 26
1841 KPBIOyXY 26
1841 L 27
1841 OT 20
1841 Ps 28
1841 SBFgtE 28
1841 SgpVH 23
1841 rpNiVk 15
1841 yuhCzj 23
1841 zrDMs 25
1840 CsBQJg 20
1840 GS 23
1840 HE 15
1840 JBRoKAC 15
1840 JOTZMq 26
1840 x 22
1840 zliQaOGMV 17
1839 EzJwmqD 26
1839 RVbYm 30
1839 SKNt 21
1839 UQjGN 17
1839 UYDNR 20
1839 emrqLuMB 21
1839 knPZ 19
1838 Cr 15
1838 GOC 20
1838 M 24
1838 QdhTA 17
1838 ie 30
1838 iuyo 24
1838 nQtcuwFI 29
1838 qJFXA 28
1838 qcYtOnWUe 18
1838 tqlNTQIPaz 18
1838 yiuxIQDq 21
1838 zVQoMEu 16
1837 F 30
1837 KpQXqwmgD 29
1837 Qvt 29
1837 WRBTmQo 21
1837 Yg 16
1837 ZKMgj 25
1837 kEYRBL 26
1837 xdEzcubOmQ 20
1836 D 26
1836 PeMT 23
1836 UdaFEgsN 21
1836 UmoMtW 22
1836 dealINiOzw 17
1836 k 29
1836 nE 25
1836 pSzHNEFgM 17
1836 xc 26
1835 AME 27
1835 LEqsVjiHwt 30
1835 VPTQLCv 16
1835 XLFz 30
1835 amtuq 17
1835 qUEMFire 16
1834 CdtcB 15
1834 DKoiTWC 20
1834 VtI 21
1834 Wzkv 26
1834 YKisEASfh 23
1834 elEIibCvq 26
1834 fDUvtgdCEY 16
1834 mUAzQM 28
1834 vTKJzuNAVx 29
1834 vypTLdo 22
1834 yq 25
1833 FKj 20
1833 cenTt 17
1833 lirM 21
1833 mXPovCyVJ 22
1833 tXGY 20
1832 DjrVf 24
1832 KUAXJlWxFh 22
1832 WhAJGQquDZ 26
1832 wAtYco 25
1832 wfJ 19
1831 VRNCH 24
1831 WAhgykbEB 28
1831 XiYQFx 23
1831 oZOsJ 25
1830 yagAfolNXs 19
1829 IZWMTV 18
1829 NxSbOvHsw 16
1829 Pek 28
1829 SDVdulfPO 19
1829 emRd 23
1829 izt 24
1829 jJOLCUK 24
1829 paUHvECmN 22
1829 qRUkDtjw 23
1829 sfWh 18
1828 Aw 30
1828 DEZy 24
1828 PQLHOK 27
1828 VkSq 29
1827 PkergQMGBp 28
1827 gNblwJfir 21
1827 ktQJZvUw 30
1827 wIkXCSLBP 20
1826 NfeJdibs 27
1826 P 15
1826 Xkg 29
1826 rLd 17
1826 roc 18
1825 DqcmoPxny 28
1825 Dr 15
1825 RtzfNV 22
1825 UkncJBaT 19
1825 gm 29
1825 lEIRkibX 24
1825 mzylGZQ 16
1824 F 23
1824 YMRBuhrE 19
1824 eDERJxoMi 18
1824 ehDnYH 24
1824 hwbBJPmtxf 22
1824 xn 27
1823 AJZs 21
1823 Ak 28
1823 IFuhfXUyR 22
1823 MQAwcn 24
1823 RhQJXI 21
1823 XDP 29
1823 gXcAxTVnLa 30
1823 ntFkhI 18
1823 sPtZzQF 29
1822 UTidzjE 21
1822 XnHGPoL 29
1822 fbGAj 25
1822 nKETzRjLk 22
1822 pPAbfkUu 23
1822 stf 21
1821 FufdLpIMom 28
1821 HUFe 20
1821 P 17
1821 f 22
1820 ApkqJSzTN 17
1820 tEDOCQxuzp 15
1820 xuzXWZSNbG 19
1820 zAMqF 25
1820 zis 23
1819 D 26
1819 NFOeZorEGP 29
1819 NyC 27
1819 SlqVGIk 29
1819 WKMODugprl 27
1819 ZLMQeu 25
1819 b 16
1819 cRgeWDZv 19
1819 jcs 20
1819 leoxO 18
1819 uZ 27
1818 A 24
1818 ElwxZv 19
1818 FLn 23
1818 H 22
1818 NwKQBWl 28
1818 UVFXaWP 16
1818 dwcVhsO 27
1818 oUBW 24
1818 r 28
1818 vWgOC 22
1817 Dxnac 20
1817 LIfS 27
1817 S 22
1817 UngkLuqW 29
1817 Wl 16
1817 mrIYS 23
1816 XhYN 24
1816 Y 19
1816 emWYkNV 20
1816 mkhqtSDvuy 30
1815 qHoPZGhg 22
1815 wh 28
1814 DVQiEBYI 19
1814 fOJHDM 16
1814 gEZml 22
1814 onpcPvIE 30
1814 pwxOj 19
1814 sSGLIt 26
1814 v 17
1813 LFwoSdORqY 25
1813 RcNX 22
1813 TJirblY 23
1813 ZpXYFJNoB 18
1813 bU 30
1813 cXWL 18
1812 TlcIbGLNOo 30
1812 sp 21
1812 tK 17
1812 uPIHW 23
1811 ABNuRt 19
1811 JNPWO 23
1811 MH 29
1811 TCVmHIDh 24
1811 dfMDZv 20
1811 ihQfFo 28
1810 EBVSLbY 15
1810 M 15
1810 WMcp 20
1810 ZVQvgRKOX 19
1810 jhXMlR 17
1810 kWtehrQJR 19
1810 zIgEPsr 17
1809 caF 25
1809 ikLls 26
1809 vOe 24
1808 BOwxrI 15
1808 OkYcjM 30
1808 Wk 28
1808 onScdE 21
1807 EPY 21
1807 TwSoFpMY 29
1807 VQWhCw 16
1807 YSOPioxIfv 28
1807 i 17
1807 sOuboMK 17
1807 xDQbjWJP 16
1806 GwZTkA 20
1806 WB 26
1806 iGYwZKFQp 25
1806 lp 21
1805 LwGr 20
1805 UhNyWgpa 23
1805 WSlFztJHOx 30
1805 jn 24
1804 FQpYRoDUKH 23
1804 WgvhIMqsDV 19
1804 fZjSucYg 28
1804 kmleLi 23
1804 yNPU 26
1803 QDVaEgUvqI 24
1803 zIUYQXrVNL 19
1802 BebDtRMf 28
1802 Jc 23
1802 TQGSXvpK 26
1802 cOJsxGeVI 18
1802 tDnZVrlUF 18
1800 UWtDugKm 22
1800 dpYIUWn 23
1800 qvFERIwK 24
1799 ARtS 18
1799 NjL 15
1799 RoLdlzr 23
1799 USxqpBMnW 17
1799 afmbKAI 27
1799 gZzxXNjE 24
1799 hcXM 26
1798 AWR 30
1798 Fvy 20
1798 WDV 15
1798 ZW 23
1797 RbXDerNaO 27
1797 uVPmUcZ 20
1796 BRxg 18
1796 IluFRaODV 28
1796 LgDeGBtVf 19
1796 brRKcD 21
1796 kSjgQUGy 25
1796 r 18
1795 AYXFPjg 19
1795 IWo 27
1795 TkuGmrtFj 16
1795 a 29
1795 eXdxNJHwD 15
1795 rFygaVXER 20
1795 rI 28
1794 CltkuqRy 21
1794 KArOd 22
1794 vwza 25
1793 S 26
1793 svkFWHBYIc 19
1792 NYP 29
1792 OBqpJ 16
1792 cWYIVG 28
1791 cMDhtvqSCR 28
1790 NYrRkVCh 15
1790 SRPzoVrhu 24
1789 bU 21
1789 tzRDVkPc 30
1788 BP 19
1788 BqhpUAIwj 22
1788 pWFlzena 26
1786 Ap 21
1786 QDcdWe 15
1786 WzF 26
1786 uzbGjLOJS 25
1785 MdVcCoA 25
1784 ducqBJI 22
1784 juGiE 27
1782 HRX 19
1782 kOJmp 16
1782 qbJBhHfg 24
1781 Ga 16
1780 LPybvmk 16
1779 DKpuwIEbLN 26
1778 KSkN 16
1778 TbYG 30
1777 AgOZz 21
1777 tHuy 19
1776 DH 15
1776 UELsvGjK 21
1776 fMsveFpEV 27
1775 JqZkNt 17
1775 hmn 21
1775 jzIMc 23
1773 SFPVkR 23
1773 WgjmBLpSh 25
1773 ujkW 30
1772 ErVpdjwh 17
1772 RfGM 28
1771 RKbU 16
1769 NnWcP 28
1767 Z 15
1767 fdYKcHLn 20
1767 vLTOGqeEn 24
1765 JIkWjOxUtc 25
1764 PLmAkjd 29
1764 W 27
1763 IUyuNlYts 28
1763 buOExv 20
1761 xPkCAUrRpj 18
1760 OmeUfLlh 25
1759 VQhifzuY 21
1757 mEuXV 17
1755 pIYf 27
1751 YpMHBr 29
1751 uCtyKG 20
1750 SApRqMtQaV 26
1749 RYMWDjCGy 17
1748 CPXNUg 26
1747 OJZlSko 16
1746 UvEl 24
1743 XIWP 19
1738 SHCDRcivZJ 29
1737 aI 18
1737 pLvTbQl 28
1732 wLBMNstK 27
1728 hLrDzPbokm 24
1728 tiXemSGr 24
1727 cNQR 23
1724 IueYvcL 30
1724 SeifwU 21
