4201 zOhBFfurX 15
4197 IWyizgU 28
4189 Leyzworu 29
4186 Tg 17
4179 GtH 21
4173 Rew 20
4172 ugQZPBI 29
4168 Jxm 26
4167 RbtpZNIMP 21
4163 pTqtji 16
4158 voaFcdx 15
4157 MmDjKH 25
4152 Ya 21
4152 ej 16
4151 aeOIcmib 19
4150 qvywcXnAf 19
4149 wuRl 22
4148 CPUbGepMnT 24
4148 UyqRu 22
4148 uj 21
4145 BLGP 18
4143 esPEm 24
4142 eZOVGJXnRH 17
4140 PLckr 20
4137 aDgdhFNK 24
4135 hzLkKc 27
4134 rWomnyzDH 30
4132 YAiWlVBsgO 26
4131 ZiTGpdzP 26
4129 lpaqCvMQt 17
4128 a 27
4127 mfL 23
4126 rgwHCE 23
4124 mLauj 26
4124 xdNSowKMvz 26
4121 vtaRSyBf 28
4120 YKHoR 18
4119 VZkdwCvS 22
4119 cuL 23
4119 ed 15
4119 wRFgnGQkD 30
4118 GpezixKcD 26
4118 rCtyZhDd 18
4117 VwI 19
4116 VorgnRCTA 26
4115 RdcDb 20
4113 O 21
4113 fvgDukhBt 30
4112 DNwS 27
4112 FcDykJT 25
4112 SdVkyi 29
4112 ZySLxUczK 26
4111 qdoQbtU 15
4110 ehDWnvCLqK 22
4109 Qh 30
4108 vRqWb 25
4107 s 18
4105 AkXvuTQBcq 15
4105 b 28
4105 dgoEwpDV 19
4105 yrP 16
4103 mcYM 19
4103 xiygTfz 17
4102 ihY 15
4101 SrdwYmP 22
4101 aZBPmNh 18
4101 gucDBzRCWJ 21
4101 k 20
4101 rdgP 15
4100 QzC 29
4099 JESpBM 26
4099 VuMI 24
4098 FCmtSrU 16
4098 Zx 22
4098 yBMFm 27
4097 HxFuYy 29
4095 hr 21
4095 wuMUv 16
4095 zjGMykHL 30
4094 Q 24
4094 aKdwr 23
4094 ecfW 17
4093 PNIkTuWAx 29
4093 VUr 29
4092 duZYMGrWD 30
4091 G 23
4091 kWQpaGOvl 29
4091 uPsBHjpWx 26
4090 NAiek 18
4090 Ztm 15
4090 tMJ 23
4090 tVgvuOaJK 28
4090 vo 16
4090 xLo 18
4089 cT 30
4088 G 17
4086 Uw 28
4085 vGozFl 23
4084 PLTBuhEymQ 27
4083 PobDvdAO 25
4083 X 30
4083 oDPGtVE 21
4082 FQ 24
4082 JzNByC 27
4081 GpTB 18
4081 UBuyPWAHSc 16
4080 jsDvWiA 29
4079 cedXtVO 26
4079 hDCma 29
4079 sxz 23
4078 G 19
4078 XVq 26
4077 b 17
4077 bmuWHdOI 17
4076 SQJyZfo 27
4076 Sr 22
4076 igoWqc 24
4076 ltc 24
4076 sP 29
4076 vWqFwuedP 30
4076 xIKSq 18
4076 xdetwGBPE 19
4075 GfjKOl 19
4075 NBChrfl 28
4075 NoSWIq 22
4075 PTbDJ 26
4075 auNZgeB 15
4075 jGBwnIemcS 26
4074 ABrOyepzk 20
4074 CDXBW 24
4074 bINol 22
4074 byY 26
4073 B 22
4073 DmW 22
4073 Logz 15
4073 NOTZpeMr 23
4072 Lynf 27
4072 QIavLX 30
4071 EYUTVDBXrF 30
4071 ubNfOYAXC 30
4069 DJy 18
4069 alX 23
4069 hWcA 17
4067 OdLi 28
4067 b 16
4066 voh 29
4065 a 17
4065 zOjN 15
4064 FlgHxPc 24
4063 BC 18
4060 D 20
4060 Uch 17
4059 uAtG 16
4058 NnLtFPJq 28
4057 jG 26
4056 ueojPtz 27
4054 Lze 19
4054 NUYX 30
4054 pthQuVafLN 26
4053 FBIdGexEZ 20
4053 anGDofcxY 15
4053 dstzABHgED 23
4052 AtNaR 22
4051 rWq 24
4051 v 25
4049 IL 20
4049 k 23
4048 XlfLbwsC 21
4048 wPWeIivBjq 21
4047 eOJSahrUkI 29
4047 jGfVnr 17
4047 lPazq 19
4046 VZCcRyW 15
4045 D 28
4045 EbVCnZp 17
4045 YFUkic 21
4044 OGFsHrX 21
4044 YbCKpv 26
4044 foL 30
4043 mzu 15
4042 QqKbsGWv 17
4041 IEvJhYge 26
4041 UivLNpSAIZ 16
4041 YRUZm 25
4041 wERmJ 16
4039 HNvAoXGB 19
4039 RBAgh 19
4039 lLdyRK 27
4039 zsy 21
4037 VWDEd 20
4037 a 21
4037 m 25
4035 Jkpgw 20
4035 TrAstGBel 18
4035 lUaEYeTs 16
4034 Aq 28
4034 IlkQvjdfJ 17
4033 WCvbIAiUTJ 26
4033 Zy 17
4033 hyVNeJbWEI 30
4032 DF 16
4032 NXiFb 23
4032 ronPEbyD 18
4031 HWdt 29
4031 KlDzYiV 24
4031 QeJb 25
4030 OHf 28
4030 ujiZ 25
4029 QL 27
4029 fzSKBFn 20
4029 gfLojutWI 16
4029 kOlweMBXg 28
4028 LIMKhReW 20
4028 bDsu 15
4028 fZb 16
4027 ARCpvaISrZ 20
4027 EHAWrP 18
4027 LzbY 28
4027 SWXQUC 20
4027 ecMFfiSqwY 28
4026 kfsuASJR 26
4025 S 28
4025 VJZ 21
4024 rHeu 16
4024 srpclxCRF 24
4023 TNfWa 23
4023 h 27
4023 u 23
4022 S 25
4022 dcT 23
4022 rzqFYcnh 27
4021 uD 17
4020 exV 20
4020 s 21
4019 GJ 21
4019 X 24
4019 YIdHLbDF 24
4019 woSAqPDXhg 27
4018 PYMskr 17
4018 wpiNWxVUb 20
4018 zLtDBxecYT 21
4017 MFomSt 16
4016 xESqRUcaj 22
4016 zohrkpm 24
4015 WlAVRdJU 24
4014 EB 23
4014 Fq 27
4012 EHsZCIOvxX 21
4012 MoJcv 27
4012 NEdvUxVuz 15
4011 jotxk 29
4010 ALRKoUYk 17
4010 l 30
4010 t 27
4009 SdrgElN 16
4009 mDSuMfBL 17
4008 j 28
4007 tlxFYH 27
4006 huz 24
4004 FyDwoWpnHa 22
4004 hfnlvgmT 26
4004 oVpTRfaeK 29
4003 Afl 19
4003 WTwbaYH 18
4002 SblQIfUR 21
4000 zAXdP 27
3999 gk 30
3999 rlwj 29
3998 FXkxGDVtTc 22
3998 LWJnqK 18
3998 si 29
3998 zns 28
3997 Wah 21
3997 ZEo 20
3997 ZHLzKN 15
3994 XojiTmCec 27
3994 dboa 30
3994 zbsrUWB 21
3993 zJuTAyvc 18
3992 BdxXQuiMk 22
3992 O 23
3992 nhqWFQojZ 28
3992 okLHhjJ 24
3991 GdcrYXxTDf 29
3990 JLyfYdM 27
3989 ivBDNUPGyM 16
3988 RZ 24
3988 jg 25
3987 GtMw 19
3987 PR 22
3987 oIYNEFVSbs 25
3987 tvVPK 23
3985 KlBW 16
3984 PEVRknW 18
3984 k 21
3982 LOMliZst 24
3982 LyKFSIQ 18
3982 uLdIjO 30
3981 CpAsiFfj 15
3980 DnPqXb 24
3980 QjDFdN 30
3979 JgaxLiYAB 22
3978 CyZ 27
3977 IZHmdOpgSY 23
3977 avtks 20
3976 THfO 17
3975 TRow 27
3975 WvNhXOzg 29
3975 kDQgzpoA 17
3975 uwFM 15
3974 MO 18
3974 jIYxilErJp 19
3973 GXS 20
3972 bGBghSYo 16
3972 pSeDMjEo 20
3972 upsdminh 15
3970 C 16
3970 UDAYP 18
3970 bMwixheT 28
3969 B 28
3969 tWXB 29
3967 H 23
3967 XArzITM 16
3967 mfeMPT 16
3966 Eb 30
3966 Kcs 26
3966 QYiEZonh 23
3965 C 28
3965 vMt 16
3964 pFgDo 30
3962 HfGlo 21
3959 gFeXWSb 23
3956 Abfikg 28
3956 XR 21
3956 nrxv 17
3953 fws 17
3951 QSbdIlrRAo 18
3951 QknXi 25
3949 eaAS 20
3947 bpseydN 21
3947 mNHcPvCX 26
3946 As 26
3943 cOMHY 17
3936 GBTvoMuzP 17
3934 cIDoPEuvV 29
3933 vWSJQz 15
3932 OkY 20
3930 YCiU 25
3928 DkjBRQeynV 22
3925 QMur 15
3925 vgcpzl 15
3920 idty 22
3919 uxEVtb 28
3918 nZEpLiK 17
3913 miNyz 24
3907 z 29
3903 hNW 25
3902 rQXEfNe 26
3899 NQewz 19
3890 PmgnSdfuXx 29
3886 rlQy 21
3883 cpEHfdN 18
3881 DJURhMk 22
3879 Roel 18
3869 eU 28
3868 vIxj 18
3841 puRsY 26
3832 cRwt 28
