Er
OyhBplmK
dFmir
jtfWXKzLuA
zgAM
DfqJzLrAW
c
BhCJY
hsyLKt
hsyLKt
jrqBSOk
gjwCAruGbD
SgPBlZf
gjwCAruGbD
SgPBlZf
RzpQ
nyTpV
wKouCD
JXduiFhscH
i
INXOrYFml
RzpQ
Wk
HLXbIEnS
uIQ
GTLXWUkPgc
V
ED
INXOrYFml
RzpQ
zgAM
GTLXWUkPgc
pXK
Y
jaD
E
JXduiFhscH
hsyLKt
jrqBSOk
zgAM
wfoh
wfoh
c
XNFSWCVwm
zgAM
BvFtIpgUdr
uIQ
w
HX
uIQ
sfBO
bgs
SiEA
yw
C
NZ
INXOrYFml
HLXbIEnS
xlmEnd
E
SgPBlZf
jrqBSOk
sUKaC
Wk
INXOrYFml
I
OLE
uhXEkWfbO
w
xlmEnd
bgs
xlmEnd
SiEA
INXOrYFml
FCHzZqkdR
V
INXOrYFml
zgAM
E
SiEA
sUKaC
OyhBplmK
zgAM
SgPBlZf
gjwCAruGbD
hsyLKt
QolVsSG
i
bGti
pXK
FCHzZqkdR
Wk
bGti
HLXbIEnS
gjwCAruGbD
bgs
wKouCD
cETLWOQi
yw
Y
SiEA
uhXEkWfbO
AtUMT
HLXbIEnS
BvFtIpgUdr
sUKaC
HX
NZ
SgPBlZf
wfoh
i
HX
cETLWOQi
xlmEnd
OLE
nyTpV
BvFtIpgUdr
BhCJY
NZ
sUKaC
jrqBSOk
xlmEnd
Wk
yw
BhCJY
RzpQ
GTLXWUkPgc
jaD
NZ
jrqBSOk
HX
Y
wfoh
gjwCAruGbD
zgAM
ED
wKouCD
jtfWXKzLuA
FCHzZqkdR
wKouCD
yw
ED
HLXbIEnS
yw
QolVsSG
BvFtIpgUdr
e
xlmEnd
wKouCD
bGti
gjwCAruGbD
pXK
I
jaD
bGti
HX
SgPBlZf
OLE
BvFtIpgUdr
wKouCD
XNFSWCVwm
xlmEnd
XNFSWCVwm
Y
jtfWXKzLuA
wfoh
C
BvFtIpgUdr
QolVsSG
cETLWOQi
NZ
uhXEkWfbO
GTLXWUkPgc
jrqBSOk
OLE
C
gjwCAruGbD
QolVsSG
OLE
i
HX
C
SiEA
SgPBlZf
zgAM
yw
dFmir
HX
RzpQ
sUKaC
XNFSWCVwm
xlmEnd
bgs
sfBO
GTLXWUkPgc
jrqBSOk
BvFtIpgUdr
GTLXWUkPgc
NZ
w
ED
GTLXWUkPgc
bGti
c
nyTpV
QolVsSG
HLXbIEnS
RzpQ
sfBO
HX
c
RzpQ
pXK
I
i
sfBO
E
bgs
uhXEkWfbO
wfoh
gjwCAruGbD
zgAM
i
HX
sfBO
zgAM
pXK
wfoh
zgAM
wKouCD
bGti
e
c
sUKaC
XNFSWCVwm
RzpQ
pXK
e
JXduiFhscH
nyTpV
dFmir
bGti
ED
RzpQ
JXduiFhscH
e
wfoh
OLE
cETLWOQi
DfqJzLrAW
SgPBlZf
QolVsSG
Wk
e
XNFSWCVwm
jrqBSOk
jaD
c
jaD
SgPBlZf
uhXEkWfbO
AtUMT
w
SiEA
FCHzZqkdR
cETLWOQi
pXK
sUKaC
hsyLKt
gjwCAruGbD
I
c
NZ
pXK
bgs
BvFtIpgUdr
sUKaC
uIQ
bGti
yw
e
zgAM
NZ
HLXbIEnS
INXOrYFml
jaD
FCHzZqkdR
INXOrYFml
E
Y
E
HLXbIEnS
gjwCAruGbD
OLE
GTLXWUkPgc
QolVsSG
SiEA
OyhBplmK
RzpQ
DfqJzLrAW
V
OLE
c
uhXEkWfbO
GTLXWUkPgc
SgPBlZf
sUKaC
XNFSWCVwm
bgs
jaD
JXduiFhscH
JXduiFhscH
OLE
AtUMT
xlmEnd
RzpQ
NZ
gjwCAruGbD
jtfWXKzLuA
jrqBSOk
INXOrYFml
FCHzZqkdR
BvFtIpgUdr
wKouCD
jrqBSOk
nyTpV
GTLXWUkPgc
E
hsyLKt
Y
INXOrYFml
V
QolVsSG
V
SgPBlZf
V
e
bgs
wKouCD
w
NZ
jtfWXKzLuA
FCHzZqkdR
JXduiFhscH
QolVsSG
OLE
zgAM
uhXEkWfbO
C
E
nyTpV
SgPBlZf
cETLWOQi
AtUMT
ED
BvFtIpgUdr
FCHzZqkdR
E
Y
jaD
jrqBSOk
bGti
wfoh
OLE
uIQ
gjwCAruGbD
RzpQ
GTLXWUkPgc
sUKaC
I
sUKaC
e
sUKaC
gjwCAruGbD
jaD
jtfWXKzLuA
ED
xlmEnd
jrqBSOk
sfBO
INXOrYFml
FCHzZqkdR
hsyLKt
wKouCD
AtUMT
DfqJzLrAW
wfoh
e
e
ED
yw
INXOrYFml
OLE
w
sfBO
I
i
cETLWOQi
bgs
bgs
HLXbIEnS
zgAM
ED
bgs
sfBO
i
SgPBlZf
JXduiFhscH
c
SgPBlZf
BhCJY
sUKaC
uIQ
jtfWXKzLuA
bgs
GTLXWUkPgc
uIQ
GTLXWUkPgc
JXduiFhscH
jaD
gjwCAruGbD
I
DfqJzLrAW
Wk
sUKaC
QolVsSG
bGti
pXK
Er
RzpQ
ED
Wk
jaD
AtUMT
w
QolVsSG
i
Y
XNFSWCVwm
jrqBSOk
V
dFmir
E
HLXbIEnS
Wk
SgPBlZf
SgPBlZf
V
ED
wKouCD
QolVsSG
hsyLKt
BvFtIpgUdr
uIQ
sUKaC
uIQ
V
bGti
jtfWXKzLuA
XNFSWCVwm
BvFtIpgUdr
RzpQ
E
uhXEkWfbO
HX
C
I
NZ
jaD
e
Wk
GTLXWUkPgc
dFmir
HX
SiEA
e
sUKaC
Y
Er
QolVsSG
OLE
Y
DfqJzLrAW
c
I
wfoh
wfoh
c
sUKaC
BvFtIpgUdr
uhXEkWfbO
Y
bGti
uIQ
xlmEnd
BvFtIpgUdr
jtfWXKzLuA
nyTpV
zgAM
QolVsSG
DfqJzLrAW
cETLWOQi
sUKaC
pXK
GTLXWUkPgc
JXduiFhscH
gjwCAruGbD
HLXbIEnS
XNFSWCVwm
wfoh
cETLWOQi
sUKaC
SiEA
ED
sfBO
Er
E
uhXEkWfbO
hsyLKt
cETLWOQi
nyTpV
nyTpV
gjwCAruGbD
HX
C
xlmEnd
GTLXWUkPgc
jtfWXKzLuA
HLXbIEnS
DfqJzLrAW
HX
cETLWOQi
e
jrqBSOk
pXK
jaD
uIQ
XNFSWCVwm
jtfWXKzLuA
jaD
jaD
I
yw
C
FCHzZqkdR
jtfWXKzLuA
DfqJzLrAW
zgAM
NZ
xlmEnd
sfBO
bGti
BvFtIpgUdr
OyhBplmK
jaD
BhCJY
SiEA
AtUMT
C
c
I
FCHzZqkdR
xlmEnd
pXK
gjwCAruGbD
QolVsSG
BvFtIpgUdr
nyTpV
dFmir
ED
bgs
OLE
INXOrYFml
E
xlmEnd
Wk
yw
nyTpV
jrqBSOk
bgs
hsyLKt
zgAM
AtUMT
NZ
hsyLKt
uIQ
SiEA
I
BhCJY
C
sfBO
wfoh
bgs
w
uhXEkWfbO
i
jtfWXKzLuA
C
Y
E
V
NZ
E
HLXbIEnS
AtUMT
QolVsSG
XNFSWCVwm
QolVsSG
V
bGti
DfqJzLrAW
i
jtfWXKzLuA
V
SgPBlZf
cETLWOQi
FCHzZqkdR
jtfWXKzLuA
cETLWOQi
GTLXWUkPgc
sUKaC
sUKaC
NZ
uIQ
JXduiFhscH
wfoh
wKouCD
JXduiFhscH
e
V
BvFtIpgUdr
DfqJzLrAW
DfqJzLrAW
nyTpV
RzpQ
dFmir
sfBO
gjwCAruGbD
uhXEkWfbO
BvFtIpgUdr
OLE
HX
E
bGti
w
uhXEkWfbO
i
XNFSWCVwm
HLXbIEnS
BvFtIpgUdr
I
jaD
uIQ
pXK
Wk
c
BhCJY
bGti
nyTpV
bGti
BvFtIpgUdr
Wk
cETLWOQi
wfoh
SiEA
bGti
nyTpV
XNFSWCVwm
FCHzZqkdR
FCHzZqkdR
uhXEkWfbO
C
HLXbIEnS
GTLXWUkPgc
dFmir
BhCJY
C
hsyLKt
i
SiEA
w
wfoh
AtUMT
Wk
jrqBSOk
Y
FCHzZqkdR
SiEA
C
jaD
hsyLKt
jtfWXKzLuA
sfBO
w
HX
e
HX
wfoh
c
Er
JXduiFhscH
AtUMT
cETLWOQi
c
OLE
SgPBlZf
gjwCAruGbD
wfoh
INXOrYFml
Wk
nyTpV
w
zgAM
c
BvFtIpgUdr
INXOrYFml
sfBO
jtfWXKzLuA
I
V
AtUMT
nyTpV
AtUMT
HX
Y
jaD
OLE
HLXbIEnS
pXK
C
OyhBplmK
GTLXWUkPgc
INXOrYFml
Wk
sUKaC
wKouCD
I
HX
AtUMT
BhCJY
dFmir
BvFtIpgUdr
SgPBlZf
xlmEnd
wfoh
V
XNFSWCVwm
Wk
DfqJzLrAW
BvFtIpgUdr
ED
Y
QolVsSG
FCHzZqkdR
zgAM
XNFSWCVwm
C
JXduiFhscH
bGti
wKouCD
BvFtIpgUdr
w
I
V
GTLXWUkPgc
c
INXOrYFml
NZ
sUKaC
sUKaC
NZ
i
bGti
RzpQ
dFmir
NZ
uIQ
pXK
QolVsSG
w
hsyLKt
ED
Y
FCHzZqkdR
jtfWXKzLuA
gjwCAruGbD
uhXEkWfbO
E
Er
cETLWOQi
QolVsSG
bGti
uhXEkWfbO
I
dFmir
wfoh
E
jtfWXKzLuA
BhCJY
FCHzZqkdR
jaD
nyTpV
HX
i
uIQ
HX
w
FCHzZqkdR
uIQ
e
nyTpV
i
XNFSWCVwm
c
GTLXWUkPgc
I
cETLWOQi
cETLWOQi
bgs
nyTpV
AtUMT
NZ
NZ
C
gjwCAruGbD
i
w
sUKaC
SgPBlZf
wKouCD
JXduiFhscH
BvFtIpgUdr
V
c
jaD
XNFSWCVwm
zgAM
NZ
FCHzZqkdR
Y
BhCJY
gjwCAruGbD
sfBO
SiEA
uhXEkWfbO
jrqBSOk
SgPBlZf
nyTpV
nyTpV
BvFtIpgUdr
BvFtIpgUdr
HLXbIEnS
C
c
DfqJzLrAW
jrqBSOk
HX
sUKaC
DfqJzLrAW
BvFtIpgUdr
uIQ
OLE
xlmEnd
xlmEnd
w
NZ
Er
bGti
bgs
w
RzpQ
sUKaC
e
ED
Y
pXK
SgPBlZf
uhXEkWfbO
E
HX
uIQ
uIQ
gjwCAruGbD
wKouCD
C
Y
OyhBplmK
nyTpV
E
HLXbIEnS
ED
HX
zgAM
INXOrYFml
pXK
pXK
Y
DfqJzLrAW
RzpQ
E
FCHzZqkdR
SgPBlZf
nyTpV
SiEA
AtUMT
INXOrYFml
HLXbIEnS
I
zgAM
C
pXK
SiEA
OLE
OLE
zgAM
AtUMT
DfqJzLrAW
bgs
sUKaC
GTLXWUkPgc
DfqJzLrAW
RzpQ
HX
Y
yw
SiEA
SiEA
bGti
gjwCAruGbD
bGti
XNFSWCVwm
HX
uhXEkWfbO
V
OLE
GTLXWUkPgc
RzpQ
OLE
HLXbIEnS
GTLXWUkPgc
nyTpV
xlmEnd
cETLWOQi
hsyLKt
jaD
Wk
RzpQ
jtfWXKzLuA
yw
Y
wKouCD
OLE
jtfWXKzLuA
c
xlmEnd
Y
sUKaC
NZ
HLXbIEnS
sfBO
AtUMT
gjwCAruGbD
zgAM
HLXbIEnS
jtfWXKzLuA
e
pXK
gjwCAruGbD
SiEA
sUKaC
c
jtfWXKzLuA
uhXEkWfbO
wKouCD
BvFtIpgUdr
nyTpV
w
FCHzZqkdR
I
SiEA
jrqBSOk
SiEA
bGti
HX
DfqJzLrAW
SgPBlZf
OLE
SgPBlZf
GTLXWUkPgc
i
E
cETLWOQi
bgs
jrqBSOk
zgAM
jaD
ED
SgPBlZf
XNFSWCVwm
GTLXWUkPgc
