sjNE
oDdHkYO
HQxKCjYBoq
OaHYk
mBi
mlBt
UjtYxHfonX
W
zGdAlKt
qEUsl
fRNOBIT
zlRZWaG
wLkGzDWnd
ipS
OaHYk
gkMv
jX
Rdsnu
fZgW
oHxRFalGI
OaHYk
zlRZWaG
UjtYxHfonX
PsORu
P
i
P
Vambiy
aY
YXRuIK
zYI
TzDG
H
D
PWZMfkwuNy
PsORu
PsORu
OjmMHfUDC
jV
Srv
wDSepvU
UjtYxHfonX
OsdNXyCZQ
oHxRFalGI
YXRuIK
KM
OaHYk
uLAak
Z
PWZMfkwuNy
jbKIik
sQR
qoSj
OsdNXyCZQ
PsORu
zYI
fRNOBIT
ZmVKwzW
BSPVUEpvH
sjNE
Srv
inlyo
uLAak
Sd
Vambiy
RBzy
uLAak
sjNE
Z
HQxKCjYBoq
OXabKqJEH
iEZ
gkEofFu
utDInaN
qEUsl
BSPVUEpvH
pPTbxEDl
A
YWl
F
HQxKCjYBoq
HKNBi
hCzliDjo
H
oDdHkYO
v
ZSsloCRADF
Sd
PsORu
zGdAlKt
N
qEUsl
JDFR
D
jbKIik
mBi
nmjf
BSPVUEpvH
wLkGzDWnd
sjNE
ZSsloCRADF
esjdykbA
XFmtROcsM
jcRXUbNfht
gkEofFu
zGdAlKt
H
CAorfeZNq
hRlqsSu
qEUsl
hCzliDjo
NFtoiYjJWP
HQxKCjYBoq
pmJLyAav
PgV
OjmMHfUDC
Rdsnu
JDFR
HQxKCjYBoq
s
BSPVUEpvH
RDgeNux
EPAzVJqjI
qEUsl
YNeAudiX
BSPVUEpvH
zlRZWaG
NFtoiYjJWP
RDgeNux
nTQSR
eNjIULqtk
y
oHxRFalGI
EPAzVJqjI
XFmtROcsM
yCRQZUDAE
mlBt
ZmVKwzW
Sd
H
ZSsloCRADF
HKNBi
OXabKqJEH
RBzy
yMwOqQLD
lOnYsIWrp
WoCAR
RDgeNux
pmJLyAav
YWl
H
esjdykbA
oDdHkYO
JDFR
CrsmKJ
qoSj
KM
mlBt
A
ipS
A
nTQSR
utDInaN
CrsmKJ
sjNE
esjdykbA
OdJzSNq
W
RDgeNux
Fe
UjtYxHfonX
pPTbxEDl
Fe
OjmMHfUDC
Sd
fRNOBIT
jX
QaLSj
uqHkVXC
PsORu
nTQSR
mlBt
Fe
fZgW
nTQSR
OsdNXyCZQ
RDgeNux
OptZPD
zlRZWaG
XFmtROcsM
yCRQZUDAE
uqHkVXC
jX
WoCAR
Z
aY
jX
PWZMfkwuNy
lPNI
OdJzSNq
qoSj
QLYJNAzFSd
eNjIULqtk
sQR
uqHkVXC
HKNBi
RDgeNux
YWl
W
XFmtROcsM
mBi
KM
utDInaN
uLAak
Q
gkEofFu
Pdl
wLkGzDWnd
mBi
zlRZWaG
wLkGzDWnd
PWZMfkwuNy
Pdl
Jf
YNeAudiX
esjdykbA
sQR
pPTbxEDl
oDdHkYO
ipS
uLAak
wDSepvU
N
W
uLAak
XFmtROcsM
RBzy
yMwOqQLD
OaHYk
Q
YWl
NFtoiYjJWP
s
BSPVUEpvH
W
ZSsloCRADF
Jf
NFtoiYjJWP
OjmMHfUDC
HQxKCjYBoq
OptZPD
lFEUoKYgk
QaLSj
v
qoSj
A
CrsmKJ
EPAzVJqjI
F
lPNI
bHdXQnohfw
sQR
ZSsloCRADF
XFmtROcsM
jcRXUbNfht
SDEAlrvg
W
wJuS
Sd
ZmVKwzW
oDdHkYO
F
SDEAlrvg
N
Jf
ipS
y
wLkGzDWnd
mlBt
qEUsl
QaLSj
bHdXQnohfw
OptZPD
wLkGzDWnd
Vambiy
fZgW
uqHkVXC
PsORu
jcRXUbNfht
HQxKCjYBoq
PWZMfkwuNy
nmjf
jbKIik
W
PgV
CAorfeZNq
v
wJuS
yMwOqQLD
OjmMHfUDC
PsORu
CAorfeZNq
hCzliDjo
ipS
W
fZgW
oDdHkYO
sjNE
OaHYk
HKNBi
oHxRFalGI
Pdl
oHxRFalGI
ipS
sjNE
zlRZWaG
CrsmKJ
PsORu
hRlqsSu
OdJzSNq
ZSsloCRADF
fRNOBIT
wDSepvU
lFEUoKYgk
F
wJuS
soE
ipS
QaLSj
soE
sQR
zYI
jX
PWZMfkwuNy
y
qEUsl
PsORu
B
XFmtROcsM
eNjIULqtk
Q
nmjf
zlRZWaG
lOnYsIWrp
YNeAudiX
fRNOBIT
jbKIik
P
oDdHkYO
zGdAlKt
qEUsl
P
UjtYxHfonX
PWZMfkwuNy
D
gkMv
zYI
HQxKCjYBoq
Fe
Srv
PgV
Srv
yMwOqQLD
HKNBi
SDEAlrvg
lPNI
jbKIik
ZSsloCRADF
B
YWl
hRlqsSu
SDEAlrvg
SDEAlrvg
F
Fe
EPAzVJqjI
Q
jX
sjNE
fRNOBIT
v
W
pmJLyAav
OXabKqJEH
OsdNXyCZQ
lFEUoKYgk
nmjf
oHxRFalGI
CrsmKJ
fZgW
lFEUoKYgk
PsORu
pmJLyAav
EeUJvWkZ
YWl
H
iEZ
utDInaN
Vambiy
PWZMfkwuNy
mlBt
nTQSR
eNjIULqtk
Z
YXRuIK
YWl
UjtYxHfonX
nTQSR
OptZPD
HQxKCjYBoq
jX
HKNBi
RBzy
P
RBzy
EeUJvWkZ
CrsmKJ
OsdNXyCZQ
Rdsnu
HKNBi
N
bHdXQnohfw
A
YXRuIK
YNeAudiX
oHxRFalGI
jbKIik
aY
hCzliDjo
OsdNXyCZQ
nmjf
WoCAR
A
jbKIik
utDInaN
PsH
D
W
ZmVKwzW
OaHYk
mlBt
UjtYxHfonX
jbKIik
Jf
OjmMHfUDC
W
uqHkVXC
sjNE
H
oDdHkYO
Z
H
QLYJNAzFSd
ZSsloCRADF
TzDG
hRlqsSu
OXabKqJEH
OdJzSNq
PsH
sQR
CAorfeZNq
OXabKqJEH
esjdykbA
OsdNXyCZQ
OsdNXyCZQ
RDgeNux
Q
yMwOqQLD
yMwOqQLD
B
ipS
soE
RDgeNux
v
esjdykbA
W
KM
UjtYxHfonX
fRNOBIT
mBi
OptZPD
ZmVKwzW
eNjIULqtk
YXRuIK
i
Vambiy
y
iEZ
PgV
utDInaN
fZgW
nmjf
QLYJNAzFSd
ipS
W
H
jcRXUbNfht
EPAzVJqjI
iEZ
QLYJNAzFSd
pPTbxEDl
jX
OjmMHfUDC
nTQSR
RBzy
UjtYxHfonX
RBzy
sQR
qEUsl
nmjf
B
oHxRFalGI
Fe
H
ipS
ZSsloCRADF
uLAak
i
PWZMfkwuNy
oHxRFalGI
oDdHkYO
D
UjtYxHfonX
jbKIik
EeUJvWkZ
eNjIULqtk
PsORu
YXRuIK
pmJLyAav
gkEofFu
zGdAlKt
sQR
ZSsloCRADF
fRNOBIT
RBzy
HQxKCjYBoq
Sd
uqHkVXC
ZmVKwzW
BSPVUEpvH
EeUJvWkZ
NFtoiYjJWP
jcRXUbNfht
HKNBi
OdJzSNq
F
OaHYk
N
pPTbxEDl
gkMv
Pdl
OaHYk
NFtoiYjJWP
utDInaN
fRNOBIT
fRNOBIT
JDFR
CAorfeZNq
Sd
UjtYxHfonX
N
Sd
sQR
qoSj
hRlqsSu
Q
aY
ZmVKwzW
ipS
Jf
lFEUoKYgk
jV
H
P
BSPVUEpvH
QLYJNAzFSd
zYI
YNeAudiX
EPAzVJqjI
ZSsloCRADF
fRNOBIT
mBi
fZgW
RBzy
yCRQZUDAE
gkEofFu
TzDG
mlBt
hRlqsSu
UjtYxHfonX
Z
H
WoCAR
QaLSj
jV
YXRuIK
PsH
H
wLkGzDWnd
gkEofFu
jV
OaHYk
mlBt
WoCAR
sjNE
wDSepvU
yCRQZUDAE
F
pmJLyAav
SDEAlrvg
SDEAlrvg
YXRuIK
UjtYxHfonX
Sd
wDSepvU
Srv
OptZPD
aY
esjdykbA
OXabKqJEH
CAorfeZNq
OdJzSNq
SDEAlrvg
qoSj
YNeAudiX
Fe
jbKIik
PWZMfkwuNy
YNeAudiX
ZmVKwzW
Srv
BSPVUEpvH
Jf
v
eNjIULqtk
uLAak
jV
oDdHkYO
soE
inlyo
ipS
i
QLYJNAzFSd
N
H
W
UjtYxHfonX
sjNE
wLkGzDWnd
Z
TzDG
CrsmKJ
F
NFtoiYjJWP
aY
OXabKqJEH
YWl
D
gkEofFu
pmJLyAav
RDgeNux
jV
uLAak
mBi
NFtoiYjJWP
JDFR
NFtoiYjJWP
Jf
Jf
Pdl
OdJzSNq
Sd
F
wJuS
s
iEZ
oDdHkYO
CAorfeZNq
H
jX
EeUJvWkZ
OdJzSNq
qoSj
HQxKCjYBoq
P
F
WoCAR
Jf
wLkGzDWnd
OjmMHfUDC
i
YNeAudiX
N
lOnYsIWrp
CAorfeZNq
RDgeNux
ZmVKwzW
lPNI
eNjIULqtk
OjmMHfUDC
yCRQZUDAE
bHdXQnohfw
OdJzSNq
Q
YNeAudiX
bHdXQnohfw
lFEUoKYgk
HKNBi
NFtoiYjJWP
CAorfeZNq
A
WoCAR
HKNBi
mlBt
OptZPD
gkMv
hRlqsSu
jcRXUbNfht
oDdHkYO
pmJLyAav
KM
fRNOBIT
Q
Srv
Sd
NFtoiYjJWP
OptZPD
YXRuIK
Q
SDEAlrvg
D
ZSsloCRADF
uLAak
fZgW
OXabKqJEH
EeUJvWkZ
Vambiy
wJuS
HKNBi
sQR
JDFR
yCRQZUDAE
Pdl
zGdAlKt
OptZPD
H
lPNI
ZmVKwzW
Srv
D
UjtYxHfonX
EPAzVJqjI
aY
y
lPNI
RDgeNux
W
CrsmKJ
Sd
nTQSR
lPNI
esjdykbA
sQR
wLkGzDWnd
Vambiy
YWl
QLYJNAzFSd
uqHkVXC
pmJLyAav
pmJLyAav
Rdsnu
eNjIULqtk
H
TzDG
wJuS
OptZPD
pmJLyAav
hRlqsSu
PWZMfkwuNy
N
yCRQZUDAE
PWZMfkwuNy
QaLSj
gkEofFu
wLkGzDWnd
s
F
OptZPD
jV
zGdAlKt
TzDG
qoSj
OdJzSNq
pPTbxEDl
fZgW
utDInaN
W
iEZ
iEZ
OdJzSNq
utDInaN
OjmMHfUDC
eNjIULqtk
wDSepvU
wDSepvU
lFEUoKYgk
yMwOqQLD
H
YXRuIK
eNjIULqtk
Jf
Rdsnu
sQR
A
zGdAlKt
SDEAlrvg
OaHYk
Vambiy
aY
EPAzVJqjI
jcRXUbNfht
D
fRNOBIT
gkEofFu
i
s
gkEofFu
hRlqsSu
jcRXUbNfht
CrsmKJ
utDInaN
HQxKCjYBoq
ZSsloCRADF
soE
gkEofFu
ipS
SDEAlrvg
pPTbxEDl
uqHkVXC
Srv
YWl
esjdykbA
oDdHkYO
N
sjNE
RBzy
YWl
oDdHkYO
utDInaN
pmJLyAav
hCzliDjo
fZgW
zGdAlKt
sQR
RDgeNux
s
D
yCRQZUDAE
qoSj
i
fRNOBIT
utDInaN
OaHYk
qoSj
HKNBi
zlRZWaG
s
oHxRFalGI
QaLSj
utDInaN
mlBt
PgV
ipS
hCzliDjo
pPTbxEDl
mlBt
hCzliDjo
JDFR
lPNI
pmJLyAav
OjmMHfUDC
pmJLyAav
lOnYsIWrp
Rdsnu
ZSsloCRADF
PWZMfkwuNy
i
oHxRFalGI
P
P
YNeAudiX
wJuS
fZgW
nmjf
PgV
OptZPD
hRlqsSu
RBzy
wLkGzDWnd
WoCAR
wDSepvU
gkEofFu
s
YXRuIK
CAorfeZNq
Fe
gkMv
utDInaN
fRNOBIT
Srv
ZSsloCRADF
RDgeNux
OjmMHfUDC
uqHkVXC
OaHYk
lPNI
F
eNjIULqtk
N
hRlqsSu
Sd
wJuS
fRNOBIT
XFmtROcsM
sjNE
zGdAlKt
CrsmKJ
yCRQZUDAE
sQR
Vambiy
YNeAudiX
H
utDInaN
JDFR
Srv
wDSepvU
mlBt
nTQSR
A
soE
YNeAudiX
EeUJvWkZ
hCzliDjo
ZSsloCRADF
KM
wLkGzDWnd
yCRQZUDAE
mlBt
bHdXQnohfw
jX
WoCAR
OXabKqJEH
JDFR
BSPVUEpvH
OXabKqJEH
yCRQZUDAE
XFmtROcsM
P
Fe
SDEAlrvg
JDFR
utDInaN
jcRXUbNfht
CAorfeZNq
mBi
sQR
bHdXQnohfw
i
lOnYsIWrp
Srv
jcRXUbNfht
B
TzDG
jcRXUbNfht
bHdXQnohfw
TzDG
mBi
aY
F
wLkGzDWnd
OXabKqJEH
OsdNXyCZQ
lPNI
H
jX
D
sQR
Sd
UjtYxHfonX
jX
qEUsl
nTQSR
oDdHkYO
esjdykbA
gkMv
RDgeNux
v
EeUJvWkZ
i
qoSj
H
pmJLyAav
ZSsloCRADF
OptZPD
qEUsl
aY
soE
N
UjtYxHfonX
yMwOqQLD
Vambiy
EeUJvWkZ
Vambiy
Sd
wJuS
YWl
yCRQZUDAE
OjmMHfUDC
nTQSR
KM
QLYJNAzFSd
wDSepvU
gkEofFu
RBzy
s
i
fZgW
BSPVUEpvH
OXabKqJEH
i
soE
B
wDSepvU
jV
utDInaN
hCzliDjo
gkMv
TzDG
OjmMHfUDC
OjmMHfUDC
pmJLyAav
uLAak
OsdNXyCZQ
Jf
YNeAudiX
TzDG
WoCAR
fRNOBIT
BSPVUEpvH
PWZMfkwuNy
PsH
A
OaHYk
PsH
KM
hRlqsSu
nmjf
nmjf
utDInaN
esjdykbA
lOnYsIWrp
zlRZWaG
gkEofFu
hRlqsSu
y
pPTbxEDl
JDFR
N
hCzliDjo
lPNI
Jf
wJuS
eNjIULqtk
PgV
soE
jV
WoCAR
SDEAlrvg
YWl
lOnYsIWrp
zlRZWaG
HKNBi
zlRZWaG
OsdNXyCZQ
CrsmKJ
yMwOqQLD
Q
sQR
ZSsloCRADF
Sd
aY
OjmMHfUDC
OjmMHfUDC
JDFR
zGdAlKt
WoCAR
PsH
lOnYsIWrp
jX
yMwOqQLD
sjNE
YNeAudiX
wJuS
OaHYk
ZSsloCRADF
Pdl
F
OaHYk
iEZ
inlyo
yMwOqQLD
SDEAlrvg
nmjf
aY
Srv
CAorfeZNq
gkMv
oDdHkYO
lFEUoKYgk
RDgeNux
uqHkVXC
ZmVKwzW
HQxKCjYBoq
HKNBi
uqHkVXC
SDEAlrvg
lOnYsIWrp
PsH
PWZMfkwuNy
H
lFEUoKYgk
Q
Z
v
s
qEUsl
Rdsnu
OjmMHfUDC
lPNI
YNeAudiX
gkEofFu
Rdsnu
W
EeUJvWkZ
N
H
jcRXUbNfht
uLAak
YNeAudiX
aY
inlyo
y
yMwOqQLD
B
Q
QLYJNAzFSd
OdJzSNq
fZgW
OjmMHfUDC
nTQSR
uLAak
sQR
mBi
sjNE
lFEUoKYgk
Z
OdJzSNq
uqHkVXC
mlBt
Pdl
JDFR
QaLSj
CAorfeZNq
sQR
UjtYxHfonX
JDFR
hRlqsSu
pPTbxEDl
Z
XFmtROcsM
H
B
CrsmKJ
EeUJvWkZ
P
CrsmKJ
OaHYk
eNjIULqtk
gkEofFu
fRNOBIT
OXabKqJEH
lOnYsIWrp
inlyo
s
PgV
wDSepvU
fZgW
wJuS
sjNE
lPNI
HQxKCjYBoq
oDdHkYO
qoSj
EPAzVJqjI
D
HQxKCjYBoq
KM
WoCAR
lFEUoKYgk
OsdNXyCZQ
ZSsloCRADF
nTQSR
yCRQZUDAE
OsdNXyCZQ
sQR
iEZ
gkMv
iEZ
mlBt
Fe
fRNOBIT
esjdykbA
OsdNXyCZQ
NFtoiYjJWP
gkMv
EeUJvWkZ
sjNE
Q
RBzy
yMwOqQLD
RBzy
CrsmKJ
H
jbKIik
EeUJvWkZ
utDInaN
y
PgV
aY
Jf
jcRXUbNfht
YWl
fZgW
qEUsl
lPNI
inlyo
soE
gkMv
N
OXabKqJEH
EPAzVJqjI
zlRZWaG
EPAzVJqjI
W
Sd
s
yMwOqQLD
zGdAlKt
N
wJuS
P
W
zlRZWaG
Fe
lOnYsIWrp
YXRuIK
iEZ
iEZ
ZmVKwzW
uqHkVXC
lFEUoKYgk
pPTbxEDl
sQR
F
inlyo
SDEAlrvg
H
mlBt
jbKIik
SDEAlrvg
PsH
ipS
iEZ
H
soE
wDSepvU
jcRXUbNfht
zYI
pPTbxEDl
mlBt
Z
i
qEUsl
esjdykbA
D
OsdNXyCZQ
PWZMfkwuNy
RDgeNux
zYI
YXRuIK
OaHYk
Q
v
EPAzVJqjI
lPNI
QaLSj
N
s
ZmVKwzW
y
esjdykbA
eNjIULqtk
TzDG
OdJzSNq
HKNBi
yCRQZUDAE
ZSsloCRADF
oDdHkYO
Q
zYI
pPTbxEDl
OdJzSNq
aY
yCRQZUDAE
YXRuIK
esjdykbA
esjdykbA
sQR
gkEofFu
v
jcRXUbNfht
QLYJNAzFSd
EeUJvWkZ
YXRuIK
pmJLyAav
esjdykbA
F
Vambiy
esjdykbA
bHdXQnohfw
UjtYxHfonX
jcRXUbNfht
Jf
N
yMwOqQLD
Jf
y
W
Vambiy
OjmMHfUDC
OaHYk
D
fRNOBIT
ZSsloCRADF
pPTbxEDl
YWl
W
wLkGzDWnd
iEZ
gkEofFu
fRNOBIT
QaLSj
iEZ
fZgW
PsORu
EeUJvWkZ
YWl
Fe
pPTbxEDl
SDEAlrvg
P
JDFR
v
UjtYxHfonX
gkEofFu
fZgW
zYI
YXRuIK
wJuS
YWl
XFmtROcsM
JDFR
ipS
OdJzSNq
lPNI
jX
oDdHkYO
pPTbxEDl
soE
uqHkVXC
Rdsnu
F
NFtoiYjJWP
A
sQR
N
lFEUoKYgk
mBi
mlBt
zlRZWaG
Jf
CrsmKJ
WoCAR
ZmVKwzW
pmJLyAav
Jf
ipS
Z
lPNI
H
YNeAudiX
oDdHkYO
qEUsl
QLYJNAzFSd
mBi
CrsmKJ
NFtoiYjJWP
OjmMHfUDC
ZmVKwzW
H
BSPVUEpvH
hCzliDjo
Pdl
PsH
CrsmKJ
Jf
W
utDInaN
NFtoiYjJWP
wLkGzDWnd
CrsmKJ
H
i
RBzy
fZgW
eNjIULqtk
P
H
jX
zGdAlKt
PsORu
XFmtROcsM
RBzy
D
H
Q
utDInaN
Fe
uLAak
A
iEZ
fRNOBIT
YXRuIK
JDFR
PsORu
RBzy
XFmtROcsM
hRlqsSu
XFmtROcsM
yMwOqQLD
mBi
Jf
hRlqsSu
hRlqsSu
eNjIULqtk
YXRuIK
OdJzSNq
RDgeNux
oDdHkYO
jX
nTQSR
OsdNXyCZQ
Q
zlRZWaG
D
yMwOqQLD
OjmMHfUDC
YNeAudiX
Vambiy
QLYJNAzFSd
Fe
YNeAudiX
Q
i
OXabKqJEH
jX
W
CAorfeZNq
utDInaN
EPAzVJqjI
oDdHkYO
PsORu
Vambiy
zGdAlKt
pmJLyAav
iEZ
jX
wDSepvU
s
Fe
CrsmKJ
F
Rdsnu
Pdl
nTQSR
HKNBi
fZgW
PsH
sQR
EeUJvWkZ
Z
uqHkVXC
YNeAudiX
PgV
D
mBi
P
yCRQZUDAE
wLkGzDWnd
zlRZWaG
s
iEZ
qoSj
Jf
ZSsloCRADF
wLkGzDWnd
mlBt
SDEAlrvg
HQxKCjYBoq
H
OptZPD
OXabKqJEH
Vambiy
esjdykbA
inlyo
OjmMHfUDC
F
zGdAlKt
wJuS
wDSepvU
lOnYsIWrp
NFtoiYjJWP
YXRuIK
PWZMfkwuNy
UjtYxHfonX
CrsmKJ
gkMv
YWl
s
fRNOBIT
uLAak
zYI
A
utDInaN
lOnYsIWrp
yMwOqQLD
N
N
ZmVKwzW
Vambiy
eNjIULqtk
nTQSR
hRlqsSu
qoSj
A
yMwOqQLD
UjtYxHfonX
lOnYsIWrp
B
nTQSR
F
wDSepvU
i
WoCAR
utDInaN
ZmVKwzW
iEZ
Q
Srv
uLAak
YXRuIK
hCzliDjo
P
W
OaHYk
esjdykbA
jbKIik
eNjIULqtk
oHxRFalGI
oHxRFalGI
Pdl
YWl
jbKIik
EeUJvWkZ
nmjf
WoCAR
yMwOqQLD
zlRZWaG
oDdHkYO
eNjIULqtk
jbKIik
utDInaN
eNjIULqtk
oHxRFalGI
ZmVKwzW
wDSepvU
YWl
yMwOqQLD
oHxRFalGI
utDInaN
utDInaN
OdJzSNq
OptZPD
Pdl
KM
mBi
Rdsnu
oHxRFalGI
YWl
eNjIULqtk
fZgW
YXRuIK
gkMv
bHdXQnohfw
ipS
OdJzSNq
PsORu
EeUJvWkZ
A
hRlqsSu
nTQSR
ZmVKwzW
wJuS
gkMv
OptZPD
YXRuIK
jcRXUbNfht
OaHYk
iEZ
RDgeNux
D
CAorfeZNq
zGdAlKt
jcRXUbNfht
SDEAlrvg
fZgW
H
P
uqHkVXC
gkMv
N
bHdXQnohfw
oDdHkYO
HKNBi
W
H
hRlqsSu
pPTbxEDl
oHxRFalGI
Sd
OjmMHfUDC
sjNE
UjtYxHfonX
CrsmKJ
HKNBi
ipS
wJuS
PsH
oHxRFalGI
sQR
yMwOqQLD
Fe
OXabKqJEH
yMwOqQLD
CrsmKJ
BSPVUEpvH
UjtYxHfonX
YNeAudiX
jV
jcRXUbNfht
BSPVUEpvH
oDdHkYO
PWZMfkwuNy
OXabKqJEH
P
Sd
jbKIik
jX
TzDG
jV
PgV
nTQSR
i
P
lPNI
BSPVUEpvH
XFmtROcsM
Pdl
H
zlRZWaG
esjdykbA
nmjf
PgV
hRlqsSu
HQxKCjYBoq
PgV
YNeAudiX
BSPVUEpvH
OjmMHfUDC
P
yMwOqQLD
ZSsloCRADF
nTQSR
Pdl
wLkGzDWnd
oHxRFalGI
BSPVUEpvH
PWZMfkwuNy
mlBt
uqHkVXC
zYI
eNjIULqtk
N
qoSj
EPAzVJqjI
uqHkVXC
s
OdJzSNq
PsH
jX
RBzy
nTQSR
HKNBi
OaHYk
ZmVKwzW
N
sQR
EPAzVJqjI
YNeAudiX
oDdHkYO
B
H
y
Sd
Sd
YWl
jX
jX
mlBt
PsORu
OjmMHfUDC
esjdykbA
nmjf
QLYJNAzFSd
qoSj
YNeAudiX
OptZPD
fZgW
lFEUoKYgk
YWl
zlRZWaG
W
OptZPD
yMwOqQLD
mBi
yCRQZUDAE
P
Vambiy
yMwOqQLD
uLAak
XFmtROcsM
QLYJNAzFSd
lPNI
OptZPD
OjmMHfUDC
RDgeNux
F
inlyo
HQxKCjYBoq
P
NFtoiYjJWP
YXRuIK
zYI
zYI
Q
sQR
hRlqsSu
OptZPD
oHxRFalGI
JDFR
A
Vambiy
fZgW
F
lFEUoKYgk
QaLSj
N
qoSj
Pdl
RBzy
BSPVUEpvH
SDEAlrvg
lFEUoKYgk
OsdNXyCZQ
v
ZmVKwzW
P
UjtYxHfonX
F
zGdAlKt
pmJLyAav
HKNBi
EeUJvWkZ
Z
jX
utDInaN
EeUJvWkZ
inlyo
D
yMwOqQLD
PgV
A
EPAzVJqjI
YNeAudiX
RBzy
wJuS
B
hRlqsSu
iEZ
ipS
N
bHdXQnohfw
soE
YWl
oHxRFalGI
JDFR
inlyo
SDEAlrvg
aY
eNjIULqtk
uqHkVXC
YNeAudiX
ZmVKwzW
EPAzVJqjI
wJuS
s
PWZMfkwuNy
HQxKCjYBoq
EPAzVJqjI
Vambiy
bHdXQnohfw
jV
PgV
PgV
YXRuIK
Rdsnu
inlyo
wLkGzDWnd
mlBt
JDFR
PWZMfkwuNy
bHdXQnohfw
D
H
jX
qoSj
fZgW
yCRQZUDAE
nmjf
Srv
UjtYxHfonX
JDFR
OXabKqJEH
HKNBi
P
NFtoiYjJWP
OsdNXyCZQ
mBi
F
jbKIik
mBi
aY
jcRXUbNfht
B
B
UjtYxHfonX
uLAak
lFEUoKYgk
v
nmjf
fRNOBIT
F
sjNE
soE
W
qEUsl
P
D
PsH
ZmVKwzW
Rdsnu
aY
UjtYxHfonX
nmjf
yCRQZUDAE
wDSepvU
YNeAudiX
fRNOBIT
SDEAlrvg
wDSepvU
Srv
aY
pmJLyAav
zlRZWaG
ZSsloCRADF
wLkGzDWnd
inlyo
zGdAlKt
CrsmKJ
PWZMfkwuNy
sjNE
jX
Z
gkMv
QaLSj
Jf
SDEAlrvg
lFEUoKYgk
QLYJNAzFSd
hCzliDjo
yCRQZUDAE
N
D
zGdAlKt
Fe
YWl
hCzliDjo
qoSj
A
inlyo
RDgeNux
KM
WoCAR
jX
zlRZWaG
yCRQZUDAE
jcRXUbNfht
W
i
OdJzSNq
YWl
v
sQR
uLAak
uLAak
Vambiy
D
mlBt
yMwOqQLD
EeUJvWkZ
i
A
XFmtROcsM
HKNBi
Z
H
Fe
Sd
PsORu
Jf
UjtYxHfonX
RDgeNux
gkEofFu
soE
pmJLyAav
QaLSj
CAorfeZNq
HKNBi
HKNBi
A
Fe
JDFR
Srv
H
bHdXQnohfw
NFtoiYjJWP
W
QLYJNAzFSd
uLAak
pmJLyAav
fRNOBIT
ipS
uqHkVXC
aY
W
eNjIULqtk
B
wLkGzDWnd
uLAak
iEZ
fRNOBIT
mlBt
y
nTQSR
jX
jbKIik
lFEUoKYgk
TzDG
gkMv
iEZ
gkEofFu
lFEUoKYgk
KM
yMwOqQLD
QaLSj
SDEAlrvg
BSPVUEpvH
BSPVUEpvH
wJuS
Fe
A
wDSepvU
lFEUoKYgk
UjtYxHfonX
esjdykbA
UjtYxHfonX
eNjIULqtk
XFmtROcsM
soE
hRlqsSu
nTQSR
KM
uqHkVXC
QLYJNAzFSd
zlRZWaG
lOnYsIWrp
fRNOBIT
yMwOqQLD
gkMv
Vambiy
W
gkEofFu
nmjf
A
i
nTQSR
qoSj
eNjIULqtk
bHdXQnohfw
wLkGzDWnd
EPAzVJqjI
PgV
lPNI
A
y
NFtoiYjJWP
pmJLyAav
CAorfeZNq
s
N
wDSepvU
zlRZWaG
iEZ
OXabKqJEH
y
wLkGzDWnd
oHxRFalGI
v
mBi
YNeAudiX
OaHYk
ipS
bHdXQnohfw
pPTbxEDl
F
pPTbxEDl
qEUsl
bHdXQnohfw
uqHkVXC
wLkGzDWnd
pPTbxEDl
RDgeNux
CAorfeZNq
lFEUoKYgk
zGdAlKt
yMwOqQLD
esjdykbA
jV
i
SDEAlrvg
W
D
sjNE
wLkGzDWnd
OXabKqJEH
N
qEUsl
YWl
TzDG
wLkGzDWnd
TzDG
UjtYxHfonX
qEUsl
zlRZWaG
yCRQZUDAE
pPTbxEDl
QLYJNAzFSd
uqHkVXC
ZmVKwzW
pmJLyAav
pmJLyAav
hCzliDjo
SDEAlrvg
Vambiy
RDgeNux
nTQSR
oDdHkYO
oDdHkYO
H
pmJLyAav
YXRuIK
s
mBi
fZgW
TzDG
UjtYxHfonX
lPNI
PsH
bHdXQnohfw
SDEAlrvg
qEUsl
ZSsloCRADF
W
D
JDFR
oHxRFalGI
oHxRFalGI
Fe
gkMv
KM
PsORu
Vambiy
OaHYk
eNjIULqtk
Sd
YNeAudiX
mBi
OptZPD
ipS
CAorfeZNq
i
wJuS
pPTbxEDl
mlBt
fZgW
zGdAlKt
lOnYsIWrp
W
Vambiy
ipS
sjNE
PgV
soE
lFEUoKYgk
YNeAudiX
hCzliDjo
NFtoiYjJWP
nmjf
P
HQxKCjYBoq
F
YNeAudiX
N
OptZPD
utDInaN
OsdNXyCZQ
A
Z
KM
lFEUoKYgk
Vambiy
D
YNeAudiX
aY
lPNI
Vambiy
OsdNXyCZQ
Pdl
UjtYxHfonX
Sd
HKNBi
nTQSR
SDEAlrvg
hCzliDjo
YWl
OptZPD
inlyo
PsH
RDgeNux
PsH
lOnYsIWrp
Fe
gkMv
Q
lPNI
lPNI
KM
pmJLyAav
BSPVUEpvH
ZmVKwzW
F
H
ZmVKwzW
pmJLyAav
CAorfeZNq
uLAak
NFtoiYjJWP
soE
jbKIik
OsdNXyCZQ
ipS
qoSj
JDFR
v
B
H
jbKIik
iEZ
aY
y
PgV
Pdl
OdJzSNq
Pdl
NFtoiYjJWP
wJuS
YNeAudiX
oHxRFalGI
HQxKCjYBoq
YNeAudiX
gkEofFu
ipS
ZSsloCRADF
lFEUoKYgk
Q
gkEofFu
oHxRFalGI
fZgW
ipS
gkMv
mBi
KM
HKNBi
ipS
A
fRNOBIT
jX
jcRXUbNfht
wDSepvU
sQR
CrsmKJ
YXRuIK
wDSepvU
YXRuIK
PsH
oHxRFalGI
utDInaN
pPTbxEDl
Sd
zYI
gkMv
lPNI
UjtYxHfonX
PWZMfkwuNy
ZSsloCRADF
Sd
mBi
fZgW
WoCAR
A
jbKIik
lPNI
s
jcRXUbNfht
Q
EeUJvWkZ
UjtYxHfonX
CAorfeZNq
aY
lOnYsIWrp
RBzy
s
RBzy
iEZ
H
uLAak
yCRQZUDAE
Vambiy
HKNBi
sQR
soE
ZmVKwzW
OsdNXyCZQ
gkEofFu
wDSepvU
nmjf
PsH
uLAak
jcRXUbNfht
qEUsl
Fe
P
OaHYk
OsdNXyCZQ
aY
qoSj
Q
inlyo
TzDG
A
s
ipS
utDInaN
BSPVUEpvH
esjdykbA
s
F
qoSj
lFEUoKYgk
CAorfeZNq
Pdl
RBzy
hCzliDjo
wLkGzDWnd
UjtYxHfonX
P
y
iEZ
wLkGzDWnd
nTQSR
nmjf
XFmtROcsM
jbKIik
Fe
bHdXQnohfw
lFEUoKYgk
PsORu
N
QaLSj
hCzliDjo
uLAak
P
qEUsl
zYI
PsH
jX
y
JDFR
oHxRFalGI
wJuS
Rdsnu
H
HQxKCjYBoq
QaLSj
KM
jcRXUbNfht
hRlqsSu
oHxRFalGI
aY
oDdHkYO
i
inlyo
PgV
esjdykbA
v
B
ZSsloCRADF
jX
XFmtROcsM
HQxKCjYBoq
pPTbxEDl
uLAak
yMwOqQLD
Rdsnu
gkEofFu
A
Z
hRlqsSu
Z
BSPVUEpvH
zGdAlKt
v
SDEAlrvg
OdJzSNq
CrsmKJ
YWl
y
zYI
N
PgV
zYI
W
YWl
HQxKCjYBoq
y
esjdykbA
NFtoiYjJWP
PWZMfkwuNy
zYI
Rdsnu
CAorfeZNq
nmjf
wJuS
inlyo
Fe
bHdXQnohfw
Rdsnu
RBzy
inlyo
jcRXUbNfht
hCzliDjo
PWZMfkwuNy
OaHYk
zlRZWaG
OptZPD
OptZPD
HKNBi
lFEUoKYgk
jcRXUbNfht
RBzy
zYI
F
uqHkVXC
jcRXUbNfht
CAorfeZNq
yCRQZUDAE
sjNE
bHdXQnohfw
D
qoSj
v
Rdsnu
PgV
XFmtROcsM
gkMv
mBi
CAorfeZNq
soE
H
soE
QaLSj
Q
lFEUoKYgk
jX
PsH
nTQSR
pmJLyAav
PsORu
ipS
CrsmKJ
OsdNXyCZQ
inlyo
zlRZWaG
hCzliDjo
EeUJvWkZ
aY
wJuS
uqHkVXC
ZSsloCRADF
bHdXQnohfw
lOnYsIWrp
Z
uLAak
A
yCRQZUDAE
OsdNXyCZQ
PsH
OjmMHfUDC
oDdHkYO
sjNE
EPAzVJqjI
Z
i
yCRQZUDAE
UjtYxHfonX
PsH
CAorfeZNq
iEZ
OdJzSNq
wDSepvU
jX
UjtYxHfonX
OaHYk
OaHYk
EPAzVJqjI
qoSj
i
YWl
ipS
iEZ
ZmVKwzW
lPNI
iEZ
jbKIik
YWl
HQxKCjYBoq
hCzliDjo
oDdHkYO
yMwOqQLD
v
Vambiy
lFEUoKYgk
NFtoiYjJWP
s
UjtYxHfonX
qoSj
CrsmKJ
OptZPD
NFtoiYjJWP
OsdNXyCZQ
utDInaN
YNeAudiX
HQxKCjYBoq
jbKIik
OsdNXyCZQ
inlyo
H
CrsmKJ
B
lFEUoKYgk
eNjIULqtk
RBzy
XFmtROcsM
Vambiy
Pdl
Q
EeUJvWkZ
inlyo
P
sQR
esjdykbA
hCzliDjo
RBzy
HQxKCjYBoq
zYI
wLkGzDWnd
Q
OsdNXyCZQ
RDgeNux
RBzy
bHdXQnohfw
OdJzSNq
YNeAudiX
HKNBi
SDEAlrvg
YWl
lOnYsIWrp
bHdXQnohfw
yCRQZUDAE
F
Jf
zYI
eNjIULqtk
utDInaN
v
HKNBi
Srv
KM
Z
A
wDSepvU
soE
W
jcRXUbNfht
yCRQZUDAE
OdJzSNq
ZmVKwzW
qoSj
y
hRlqsSu
jX
YNeAudiX
HQxKCjYBoq
BSPVUEpvH
gkMv
Fe
qEUsl
YNeAudiX
sQR
gkMv
jV
YNeAudiX
s
nTQSR
PsH
oDdHkYO
NFtoiYjJWP
OXabKqJEH
Fe
QLYJNAzFSd
EeUJvWkZ
OptZPD
RBzy
PsH
sQR
BSPVUEpvH
bHdXQnohfw
PsH
hRlqsSu
wJuS
inlyo
BSPVUEpvH
wDSepvU
PWZMfkwuNy
Fe
qEUsl
zGdAlKt
XFmtROcsM
sQR
wLkGzDWnd
fZgW
KM
QLYJNAzFSd
gkMv
OdJzSNq
gkMv
CrsmKJ
QaLSj
ZmVKwzW
UjtYxHfonX
F
lFEUoKYgk
hCzliDjo
OjmMHfUDC
wLkGzDWnd
iEZ
zlRZWaG
eNjIULqtk
qEUsl
hCzliDjo
PgV
BSPVUEpvH
wDSepvU
CrsmKJ
PsORu
TzDG
s
nmjf
PgV
eNjIULqtk
OaHYk
jX
OjmMHfUDC
HQxKCjYBoq
UjtYxHfonX
hRlqsSu
N
OdJzSNq
XFmtROcsM
SDEAlrvg
YXRuIK
jcRXUbNfht
zlRZWaG
Q
y
zlRZWaG
Q
pPTbxEDl
yCRQZUDAE
Jf
uLAak
pPTbxEDl
hRlqsSu
JDFR
nmjf
mBi
ipS
mBi
Q
iEZ
jX
N
QaLSj
sQR
v
jX
oHxRFalGI
oHxRFalGI
mlBt
Pdl
pPTbxEDl
esjdykbA
uLAak
OsdNXyCZQ
inlyo
qoSj
utDInaN
EeUJvWkZ
wDSepvU
OjmMHfUDC
zYI
jcRXUbNfht
zGdAlKt
nTQSR
lFEUoKYgk
nmjf
P
yMwOqQLD
wLkGzDWnd
Z
CrsmKJ
YXRuIK
lOnYsIWrp
Q
CAorfeZNq
B
oHxRFalGI
ipS
Rdsnu
gkMv
RBzy
PWZMfkwuNy
jV
fZgW
ZmVKwzW
bHdXQnohfw
TzDG
jbKIik
zlRZWaG
D
sQR
wJuS
A
jcRXUbNfht
nTQSR
Srv
hRlqsSu
gkEofFu
YNeAudiX
Srv
YNeAudiX
aY
OaHYk
Vambiy
pmJLyAav
jbKIik
B
jcRXUbNfht
W
RBzy
nTQSR
pPTbxEDl
OXabKqJEH
nTQSR
uLAak
Jf
jcRXUbNfht
uqHkVXC
mBi
bHdXQnohfw
yMwOqQLD
BSPVUEpvH
PsORu
wDSepvU
H
pPTbxEDl
PsORu
wLkGzDWnd
UjtYxHfonX
OjmMHfUDC
D
lOnYsIWrp
jV
utDInaN
esjdykbA
TzDG
Jf
eNjIULqtk
eNjIULqtk
qEUsl
jV
soE
y
OptZPD
CAorfeZNq
v
zGdAlKt
aY
B
yMwOqQLD
zlRZWaG
utDInaN
EeUJvWkZ
ZSsloCRADF
PsORu
esjdykbA
BSPVUEpvH
yMwOqQLD
ZmVKwzW
OdJzSNq
jX
HQxKCjYBoq
nmjf
yCRQZUDAE
H
RDgeNux
PsH
ZSsloCRADF
i
ipS
y
JDFR
qEUsl
lFEUoKYgk
inlyo
jX
yMwOqQLD
A
oDdHkYO
lFEUoKYgk
HQxKCjYBoq
KM
zlRZWaG
P
gkMv
jV
wDSepvU
iEZ
yMwOqQLD
yCRQZUDAE
PsORu
wJuS
A
qEUsl
gkMv
OptZPD
oDdHkYO
OptZPD
JDFR
nmjf
OjmMHfUDC
Rdsnu
ZmVKwzW
UjtYxHfonX
fZgW
jX
EeUJvWkZ
fZgW
y
utDInaN
s
jbKIik
YWl
Pdl
D
Vambiy
sjNE
fZgW
YWl
Vambiy
F
YWl
nmjf
uLAak
RBzy
pmJLyAav
bHdXQnohfw
Fe
YXRuIK
zGdAlKt
y
s
ZSsloCRADF
yMwOqQLD
PWZMfkwuNy
y
YXRuIK
RDgeNux
v
CrsmKJ
HQxKCjYBoq
RDgeNux
esjdykbA
fZgW
OaHYk
SDEAlrvg
OdJzSNq
B
soE
Q
RDgeNux
pmJLyAav
fRNOBIT
ZmVKwzW
Fe
N
y
OdJzSNq
OptZPD
Sd
yCRQZUDAE
PWZMfkwuNy
Vambiy
pPTbxEDl
wDSepvU
mBi
sjNE
B
ZmVKwzW
P
KM
jbKIik
jbKIik
RDgeNux
zGdAlKt
jV
KM
OaHYk
F
uqHkVXC
gkMv
H
Z
WoCAR
Z
eNjIULqtk
OXabKqJEH
aY
soE
EeUJvWkZ
nmjf
uLAak
P
BSPVUEpvH
JDFR
qEUsl
uqHkVXC
iEZ
aY
fZgW
zYI
zGdAlKt
qEUsl
nTQSR
N
A
HQxKCjYBoq
XFmtROcsM
PsH
OdJzSNq
Sd
EPAzVJqjI
Srv
OjmMHfUDC
W
zlRZWaG
D
TzDG
A
OjmMHfUDC
B
hCzliDjo
hRlqsSu
OXabKqJEH
W
BSPVUEpvH
wDSepvU
lPNI
fRNOBIT
zYI
zYI
WoCAR
sQR
ipS
inlyo
zGdAlKt
gkEofFu
QLYJNAzFSd
utDInaN
QaLSj
F
jV
OXabKqJEH
PsORu
qoSj
mlBt
iEZ
OptZPD
v
CrsmKJ
iEZ
sQR
yCRQZUDAE
Q
fZgW
wLkGzDWnd
nTQSR
OXabKqJEH
YXRuIK
oHxRFalGI
